mode: set
github.com/weeranieb/boonmafarm-backend/docs/docs.go:1843.13,1845.2 1 0
github.com/weeranieb/boonmafarm-backend/src/cmd/api/main.go:33.13,45.12 6 0
github.com/weeranieb/boonmafarm-backend/src/cmd/api/main.go:45.12,46.15 1 0
github.com/weeranieb/boonmafarm-backend/src/cmd/api/main.go:46.15,49.4 2 0
github.com/weeranieb/boonmafarm-backend/src/cmd/api/main.go:52.2,53.60 2 0
github.com/weeranieb/boonmafarm-backend/src/cmd/api/main.go:53.60,55.3 1 0
github.com/weeranieb/boonmafarm-backend/src/cmd/api/main.go:58.73,67.51 3 0
github.com/weeranieb/boonmafarm-backend/src/cmd/api/main.go:67.51,69.3 1 0
github.com/weeranieb/boonmafarm-backend/src/cmd/api/main.go:70.2,70.16 1 0
github.com/weeranieb/boonmafarm-backend/src/cmd/api/main.go:70.16,72.3 1 0
github.com/weeranieb/boonmafarm-backend/src/cmd/api/main.go:74.2,75.37 2 0
github.com/weeranieb/boonmafarm-backend/src/cmd/api/main.go:78.23,81.39 2 0
github.com/weeranieb/boonmafarm-backend/src/cmd/api/main.go:81.39,83.3 1 0
github.com/weeranieb/boonmafarm-backend/src/cmd/api/main.go:84.2,84.12 1 0
github.com/weeranieb/boonmafarm-backend/src/internal/config/config.go:45.27,60.45 9 0
github.com/weeranieb/boonmafarm-backend/src/internal/config/config.go:60.45,61.56 1 0
github.com/weeranieb/boonmafarm-backend/src/internal/config/config.go:61.56,63.4 1 0
github.com/weeranieb/boonmafarm-backend/src/internal/config/config.go:66.2,67.49 2 0
github.com/weeranieb/boonmafarm-backend/src/internal/config/config.go:67.49,69.3 1 0
github.com/weeranieb/boonmafarm-backend/src/internal/config/config.go:71.2,71.16 1 0
github.com/weeranieb/boonmafarm-backend/src/internal/config/config.go:74.20,95.2 13 0
github.com/weeranieb/boonmafarm-backend/src/internal/config/config.go:98.34,108.2 1 0
github.com/weeranieb/boonmafarm-backend/src/internal/config/config.go:111.44,113.2 1 0
github.com/weeranieb/boonmafarm-backend/src/internal/config/config.go:116.39,118.2 1 0
github.com/weeranieb/boonmafarm-backend/src/internal/config/config.go:121.38,123.2 1 0
github.com/weeranieb/boonmafarm-backend/src/internal/config/database.go:13.39,17.41 3 0
github.com/weeranieb/boonmafarm-backend/src/internal/config/database.go:18.16,19.27 1 0
github.com/weeranieb/boonmafarm-backend/src/internal/config/database.go:20.15,21.26 1 0
github.com/weeranieb/boonmafarm-backend/src/internal/config/database.go:22.14,23.25 1 0
github.com/weeranieb/boonmafarm-backend/src/internal/config/database.go:24.14,25.25 1 0
github.com/weeranieb/boonmafarm-backend/src/internal/config/database.go:26.10,27.25 1 0
github.com/weeranieb/boonmafarm-backend/src/internal/config/database.go:30.2,33.16 2 0
github.com/weeranieb/boonmafarm-backend/src/internal/config/database.go:33.16,35.3 1 0
github.com/weeranieb/boonmafarm-backend/src/internal/config/database.go:37.2,38.11 2 0
github.com/weeranieb/boonmafarm-backend/src/internal/docs/docs.go:477.13,479.2 1 0
github.com/weeranieb/boonmafarm-backend/src/internal/handler/mocks/auth_handler.go:17.54,20.19 2 0
github.com/weeranieb/boonmafarm-backend/src/internal/handler/mocks/auth_handler.go:20.19,21.47 1 0
github.com/weeranieb/boonmafarm-backend/src/internal/handler/mocks/auth_handler.go:24.2,25.55 2 0
github.com/weeranieb/boonmafarm-backend/src/internal/handler/mocks/auth_handler.go:25.55,27.3 1 0
github.com/weeranieb/boonmafarm-backend/src/internal/handler/mocks/auth_handler.go:27.8,29.3 1 0
github.com/weeranieb/boonmafarm-backend/src/internal/handler/mocks/auth_handler.go:31.2,31.11 1 0
github.com/weeranieb/boonmafarm-backend/src/internal/handler/mocks/auth_handler.go:35.57,38.19 2 0
github.com/weeranieb/boonmafarm-backend/src/internal/handler/mocks/auth_handler.go:38.19,39.50 1 0
github.com/weeranieb/boonmafarm-backend/src/internal/handler/mocks/auth_handler.go:42.2,43.55 2 0
github.com/weeranieb/boonmafarm-backend/src/internal/handler/mocks/auth_handler.go:43.55,45.3 1 0
github.com/weeranieb/boonmafarm-backend/src/internal/handler/mocks/auth_handler.go:45.8,47.3 1 0
github.com/weeranieb/boonmafarm-backend/src/internal/handler/mocks/auth_handler.go:49.2,49.11 1 0
github.com/weeranieb/boonmafarm-backend/src/internal/handler/mocks/auth_handler.go:57.21,61.19 3 0
github.com/weeranieb/boonmafarm-backend/src/internal/handler/mocks/auth_handler.go:61.19,61.49 1 0
github.com/weeranieb/boonmafarm-backend/src/internal/handler/mocks/auth_handler.go:63.2,63.13 1 0
github.com/weeranieb/boonmafarm-backend/src/internal/handler/mocks/farm_handler.go:17.56,20.19 2 0
github.com/weeranieb/boonmafarm-backend/src/internal/handler/mocks/farm_handler.go:20.19,21.49 1 0
github.com/weeranieb/boonmafarm-backend/src/internal/handler/mocks/farm_handler.go:24.2,25.55 2 0
github.com/weeranieb/boonmafarm-backend/src/internal/handler/mocks/farm_handler.go:25.55,27.3 1 0
github.com/weeranieb/boonmafarm-backend/src/internal/handler/mocks/farm_handler.go:27.8,29.3 1 0
github.com/weeranieb/boonmafarm-backend/src/internal/handler/mocks/farm_handler.go:31.2,31.11 1 0
github.com/weeranieb/boonmafarm-backend/src/internal/handler/mocks/farm_handler.go:35.56,38.19 2 0
github.com/weeranieb/boonmafarm-backend/src/internal/handler/mocks/farm_handler.go:38.19,39.49 1 0
github.com/weeranieb/boonmafarm-backend/src/internal/handler/mocks/farm_handler.go:42.2,43.55 2 0
github.com/weeranieb/boonmafarm-backend/src/internal/handler/mocks/farm_handler.go:43.55,45.3 1 0
github.com/weeranieb/boonmafarm-backend/src/internal/handler/mocks/farm_handler.go:45.8,47.3 1 0
github.com/weeranieb/boonmafarm-backend/src/internal/handler/mocks/farm_handler.go:49.2,49.11 1 0
github.com/weeranieb/boonmafarm-backend/src/internal/handler/mocks/farm_handler.go:53.60,56.19 2 0
github.com/weeranieb/boonmafarm-backend/src/internal/handler/mocks/farm_handler.go:56.19,57.53 1 0
github.com/weeranieb/boonmafarm-backend/src/internal/handler/mocks/farm_handler.go:60.2,61.55 2 0
github.com/weeranieb/boonmafarm-backend/src/internal/handler/mocks/farm_handler.go:61.55,63.3 1 0
github.com/weeranieb/boonmafarm-backend/src/internal/handler/mocks/farm_handler.go:63.8,65.3 1 0
github.com/weeranieb/boonmafarm-backend/src/internal/handler/mocks/farm_handler.go:67.2,67.11 1 0
github.com/weeranieb/boonmafarm-backend/src/internal/handler/mocks/farm_handler.go:71.59,74.19 2 0
github.com/weeranieb/boonmafarm-backend/src/internal/handler/mocks/farm_handler.go:74.19,75.52 1 0
github.com/weeranieb/boonmafarm-backend/src/internal/handler/mocks/farm_handler.go:78.2,79.55 2 0
github.com/weeranieb/boonmafarm-backend/src/internal/handler/mocks/farm_handler.go:79.55,81.3 1 0
github.com/weeranieb/boonmafarm-backend/src/internal/handler/mocks/farm_handler.go:81.8,83.3 1 0
github.com/weeranieb/boonmafarm-backend/src/internal/handler/mocks/farm_handler.go:85.2,85.11 1 0
github.com/weeranieb/boonmafarm-backend/src/internal/handler/mocks/farm_handler.go:93.21,97.19 3 0
github.com/weeranieb/boonmafarm-backend/src/internal/handler/mocks/farm_handler.go:97.19,97.49 1 0
github.com/weeranieb/boonmafarm-backend/src/internal/handler/mocks/farm_handler.go:99.2,99.13 1 0
github.com/weeranieb/boonmafarm-backend/src/internal/handler/mocks/feed_collection_handler.go:17.76,20.19 2 0
github.com/weeranieb/boonmafarm-backend/src/internal/handler/mocks/feed_collection_handler.go:20.19,21.59 1 0
github.com/weeranieb/boonmafarm-backend/src/internal/handler/mocks/feed_collection_handler.go:24.2,25.55 2 0
github.com/weeranieb/boonmafarm-backend/src/internal/handler/mocks/feed_collection_handler.go:25.55,27.3 1 0
github.com/weeranieb/boonmafarm-backend/src/internal/handler/mocks/feed_collection_handler.go:27.8,29.3 1 0
github.com/weeranieb/boonmafarm-backend/src/internal/handler/mocks/feed_collection_handler.go:31.2,31.11 1 0
github.com/weeranieb/boonmafarm-backend/src/internal/handler/mocks/feed_collection_handler.go:35.76,38.19 2 0
github.com/weeranieb/boonmafarm-backend/src/internal/handler/mocks/feed_collection_handler.go:38.19,39.59 1 0
github.com/weeranieb/boonmafarm-backend/src/internal/handler/mocks/feed_collection_handler.go:42.2,43.55 2 0
github.com/weeranieb/boonmafarm-backend/src/internal/handler/mocks/feed_collection_handler.go:43.55,45.3 1 0
github.com/weeranieb/boonmafarm-backend/src/internal/handler/mocks/feed_collection_handler.go:45.8,47.3 1 0
github.com/weeranieb/boonmafarm-backend/src/internal/handler/mocks/feed_collection_handler.go:49.2,49.11 1 0
github.com/weeranieb/boonmafarm-backend/src/internal/handler/mocks/feed_collection_handler.go:53.77,56.19 2 0
github.com/weeranieb/boonmafarm-backend/src/internal/handler/mocks/feed_collection_handler.go:56.19,57.60 1 0
github.com/weeranieb/boonmafarm-backend/src/internal/handler/mocks/feed_collection_handler.go:60.2,61.55 2 0
github.com/weeranieb/boonmafarm-backend/src/internal/handler/mocks/feed_collection_handler.go:61.55,63.3 1 0
github.com/weeranieb/boonmafarm-backend/src/internal/handler/mocks/feed_collection_handler.go:63.8,65.3 1 0
github.com/weeranieb/boonmafarm-backend/src/internal/handler/mocks/feed_collection_handler.go:67.2,67.11 1 0
github.com/weeranieb/boonmafarm-backend/src/internal/handler/mocks/feed_collection_handler.go:71.79,74.19 2 0
github.com/weeranieb/boonmafarm-backend/src/internal/handler/mocks/feed_collection_handler.go:74.19,75.62 1 0
github.com/weeranieb/boonmafarm-backend/src/internal/handler/mocks/feed_collection_handler.go:78.2,79.55 2 0
github.com/weeranieb/boonmafarm-backend/src/internal/handler/mocks/feed_collection_handler.go:79.55,81.3 1 0
github.com/weeranieb/boonmafarm-backend/src/internal/handler/mocks/feed_collection_handler.go:81.8,83.3 1 0
github.com/weeranieb/boonmafarm-backend/src/internal/handler/mocks/feed_collection_handler.go:85.2,85.11 1 0
github.com/weeranieb/boonmafarm-backend/src/internal/handler/mocks/feed_collection_handler.go:93.31,97.19 3 0
github.com/weeranieb/boonmafarm-backend/src/internal/handler/mocks/feed_collection_handler.go:97.19,97.49 1 0
github.com/weeranieb/boonmafarm-backend/src/internal/handler/mocks/feed_collection_handler.go:99.2,99.13 1 0
github.com/weeranieb/boonmafarm-backend/src/internal/handler/mocks/merchant_handler.go:17.64,20.19 2 0
github.com/weeranieb/boonmafarm-backend/src/internal/handler/mocks/merchant_handler.go:20.19,21.53 1 0
github.com/weeranieb/boonmafarm-backend/src/internal/handler/mocks/merchant_handler.go:24.2,25.55 2 0
github.com/weeranieb/boonmafarm-backend/src/internal/handler/mocks/merchant_handler.go:25.55,27.3 1 0
github.com/weeranieb/boonmafarm-backend/src/internal/handler/mocks/merchant_handler.go:27.8,29.3 1 0
github.com/weeranieb/boonmafarm-backend/src/internal/handler/mocks/merchant_handler.go:31.2,31.11 1 0
github.com/weeranieb/boonmafarm-backend/src/internal/handler/mocks/merchant_handler.go:35.64,38.19 2 0
github.com/weeranieb/boonmafarm-backend/src/internal/handler/mocks/merchant_handler.go:38.19,39.53 1 0
github.com/weeranieb/boonmafarm-backend/src/internal/handler/mocks/merchant_handler.go:42.2,43.55 2 0
github.com/weeranieb/boonmafarm-backend/src/internal/handler/mocks/merchant_handler.go:43.55,45.3 1 0
github.com/weeranieb/boonmafarm-backend/src/internal/handler/mocks/merchant_handler.go:45.8,47.3 1 0
github.com/weeranieb/boonmafarm-backend/src/internal/handler/mocks/merchant_handler.go:49.2,49.11 1 0
github.com/weeranieb/boonmafarm-backend/src/internal/handler/mocks/merchant_handler.go:53.68,56.19 2 0
github.com/weeranieb/boonmafarm-backend/src/internal/handler/mocks/merchant_handler.go:56.19,57.57 1 0
github.com/weeranieb/boonmafarm-backend/src/internal/handler/mocks/merchant_handler.go:60.2,61.55 2 0
github.com/weeranieb/boonmafarm-backend/src/internal/handler/mocks/merchant_handler.go:61.55,63.3 1 0
github.com/weeranieb/boonmafarm-backend/src/internal/handler/mocks/merchant_handler.go:63.8,65.3 1 0
github.com/weeranieb/boonmafarm-backend/src/internal/handler/mocks/merchant_handler.go:67.2,67.11 1 0
github.com/weeranieb/boonmafarm-backend/src/internal/handler/mocks/merchant_handler.go:71.67,74.19 2 0
github.com/weeranieb/boonmafarm-backend/src/internal/handler/mocks/merchant_handler.go:74.19,75.56 1 0
github.com/weeranieb/boonmafarm-backend/src/internal/handler/mocks/merchant_handler.go:78.2,79.55 2 0
github.com/weeranieb/boonmafarm-backend/src/internal/handler/mocks/merchant_handler.go:79.55,81.3 1 0
github.com/weeranieb/boonmafarm-backend/src/internal/handler/mocks/merchant_handler.go:81.8,83.3 1 0
github.com/weeranieb/boonmafarm-backend/src/internal/handler/mocks/merchant_handler.go:85.2,85.11 1 0
github.com/weeranieb/boonmafarm-backend/src/internal/handler/mocks/merchant_handler.go:93.25,97.19 3 0
github.com/weeranieb/boonmafarm-backend/src/internal/handler/mocks/merchant_handler.go:97.19,97.49 1 0
github.com/weeranieb/boonmafarm-backend/src/internal/handler/mocks/merchant_handler.go:99.2,99.13 1 0
github.com/weeranieb/boonmafarm-backend/src/internal/handler/mocks/pond_handler.go:17.56,20.19 2 0
github.com/weeranieb/boonmafarm-backend/src/internal/handler/mocks/pond_handler.go:20.19,21.49 1 0
github.com/weeranieb/boonmafarm-backend/src/internal/handler/mocks/pond_handler.go:24.2,25.55 2 0
github.com/weeranieb/boonmafarm-backend/src/internal/handler/mocks/pond_handler.go:25.55,27.3 1 0
github.com/weeranieb/boonmafarm-backend/src/internal/handler/mocks/pond_handler.go:27.8,29.3 1 0
github.com/weeranieb/boonmafarm-backend/src/internal/handler/mocks/pond_handler.go:31.2,31.11 1 0
github.com/weeranieb/boonmafarm-backend/src/internal/handler/mocks/pond_handler.go:35.57,38.19 2 0
github.com/weeranieb/boonmafarm-backend/src/internal/handler/mocks/pond_handler.go:38.19,39.50 1 0
github.com/weeranieb/boonmafarm-backend/src/internal/handler/mocks/pond_handler.go:42.2,43.55 2 0
github.com/weeranieb/boonmafarm-backend/src/internal/handler/mocks/pond_handler.go:43.55,45.3 1 0
github.com/weeranieb/boonmafarm-backend/src/internal/handler/mocks/pond_handler.go:45.8,47.3 1 0
github.com/weeranieb/boonmafarm-backend/src/internal/handler/mocks/pond_handler.go:49.2,49.11 1 0
github.com/weeranieb/boonmafarm-backend/src/internal/handler/mocks/pond_handler.go:53.59,56.19 2 0
github.com/weeranieb/boonmafarm-backend/src/internal/handler/mocks/pond_handler.go:56.19,57.52 1 0
github.com/weeranieb/boonmafarm-backend/src/internal/handler/mocks/pond_handler.go:60.2,61.55 2 0
github.com/weeranieb/boonmafarm-backend/src/internal/handler/mocks/pond_handler.go:61.55,63.3 1 0
github.com/weeranieb/boonmafarm-backend/src/internal/handler/mocks/pond_handler.go:63.8,65.3 1 0
github.com/weeranieb/boonmafarm-backend/src/internal/handler/mocks/pond_handler.go:67.2,67.11 1 0
github.com/weeranieb/boonmafarm-backend/src/internal/handler/mocks/pond_handler.go:71.56,74.19 2 0
github.com/weeranieb/boonmafarm-backend/src/internal/handler/mocks/pond_handler.go:74.19,75.49 1 0
github.com/weeranieb/boonmafarm-backend/src/internal/handler/mocks/pond_handler.go:78.2,79.55 2 0
github.com/weeranieb/boonmafarm-backend/src/internal/handler/mocks/pond_handler.go:79.55,81.3 1 0
github.com/weeranieb/boonmafarm-backend/src/internal/handler/mocks/pond_handler.go:81.8,83.3 1 0
github.com/weeranieb/boonmafarm-backend/src/internal/handler/mocks/pond_handler.go:85.2,85.11 1 0
github.com/weeranieb/boonmafarm-backend/src/internal/handler/mocks/pond_handler.go:89.60,92.19 2 0
github.com/weeranieb/boonmafarm-backend/src/internal/handler/mocks/pond_handler.go:92.19,93.53 1 0
github.com/weeranieb/boonmafarm-backend/src/internal/handler/mocks/pond_handler.go:96.2,97.55 2 0
github.com/weeranieb/boonmafarm-backend/src/internal/handler/mocks/pond_handler.go:97.55,99.3 1 0
github.com/weeranieb/boonmafarm-backend/src/internal/handler/mocks/pond_handler.go:99.8,101.3 1 0
github.com/weeranieb/boonmafarm-backend/src/internal/handler/mocks/pond_handler.go:103.2,103.11 1 0
github.com/weeranieb/boonmafarm-backend/src/internal/handler/mocks/pond_handler.go:107.59,110.19 2 0
github.com/weeranieb/boonmafarm-backend/src/internal/handler/mocks/pond_handler.go:110.19,111.52 1 0
github.com/weeranieb/boonmafarm-backend/src/internal/handler/mocks/pond_handler.go:114.2,115.55 2 0
github.com/weeranieb/boonmafarm-backend/src/internal/handler/mocks/pond_handler.go:115.55,117.3 1 0
github.com/weeranieb/boonmafarm-backend/src/internal/handler/mocks/pond_handler.go:117.8,119.3 1 0
github.com/weeranieb/boonmafarm-backend/src/internal/handler/mocks/pond_handler.go:121.2,121.11 1 0
github.com/weeranieb/boonmafarm-backend/src/internal/handler/mocks/pond_handler.go:129.21,133.19 3 0
github.com/weeranieb/boonmafarm-backend/src/internal/handler/mocks/pond_handler.go:133.19,133.49 1 0
github.com/weeranieb/boonmafarm-backend/src/internal/handler/mocks/pond_handler.go:135.2,135.13 1 0
github.com/weeranieb/boonmafarm-backend/src/internal/handler/mocks/user_handler.go:17.56,20.19 2 0
github.com/weeranieb/boonmafarm-backend/src/internal/handler/mocks/user_handler.go:20.19,21.49 1 0
github.com/weeranieb/boonmafarm-backend/src/internal/handler/mocks/user_handler.go:24.2,25.55 2 0
github.com/weeranieb/boonmafarm-backend/src/internal/handler/mocks/user_handler.go:25.55,27.3 1 0
github.com/weeranieb/boonmafarm-backend/src/internal/handler/mocks/user_handler.go:27.8,29.3 1 0
github.com/weeranieb/boonmafarm-backend/src/internal/handler/mocks/user_handler.go:31.2,31.11 1 0
github.com/weeranieb/boonmafarm-backend/src/internal/handler/mocks/user_handler.go:35.56,38.19 2 0
github.com/weeranieb/boonmafarm-backend/src/internal/handler/mocks/user_handler.go:38.19,39.49 1 0
github.com/weeranieb/boonmafarm-backend/src/internal/handler/mocks/user_handler.go:42.2,43.55 2 0
github.com/weeranieb/boonmafarm-backend/src/internal/handler/mocks/user_handler.go:43.55,45.3 1 0
github.com/weeranieb/boonmafarm-backend/src/internal/handler/mocks/user_handler.go:45.8,47.3 1 0
github.com/weeranieb/boonmafarm-backend/src/internal/handler/mocks/user_handler.go:49.2,49.11 1 0
github.com/weeranieb/boonmafarm-backend/src/internal/handler/mocks/user_handler.go:53.60,56.19 2 0
github.com/weeranieb/boonmafarm-backend/src/internal/handler/mocks/user_handler.go:56.19,57.53 1 0
github.com/weeranieb/boonmafarm-backend/src/internal/handler/mocks/user_handler.go:60.2,61.55 2 0
github.com/weeranieb/boonmafarm-backend/src/internal/handler/mocks/user_handler.go:61.55,63.3 1 0
github.com/weeranieb/boonmafarm-backend/src/internal/handler/mocks/user_handler.go:63.8,65.3 1 0
github.com/weeranieb/boonmafarm-backend/src/internal/handler/mocks/user_handler.go:67.2,67.11 1 0
github.com/weeranieb/boonmafarm-backend/src/internal/handler/mocks/user_handler.go:71.59,74.19 2 0
github.com/weeranieb/boonmafarm-backend/src/internal/handler/mocks/user_handler.go:74.19,75.52 1 0
github.com/weeranieb/boonmafarm-backend/src/internal/handler/mocks/user_handler.go:78.2,79.55 2 0
github.com/weeranieb/boonmafarm-backend/src/internal/handler/mocks/user_handler.go:79.55,81.3 1 0
github.com/weeranieb/boonmafarm-backend/src/internal/handler/mocks/user_handler.go:81.8,83.3 1 0
github.com/weeranieb/boonmafarm-backend/src/internal/handler/mocks/user_handler.go:85.2,85.11 1 0
github.com/weeranieb/boonmafarm-backend/src/internal/handler/mocks/user_handler.go:93.21,97.19 3 0
github.com/weeranieb/boonmafarm-backend/src/internal/handler/mocks/user_handler.go:97.19,97.49 1 0
github.com/weeranieb/boonmafarm-backend/src/internal/handler/mocks/user_handler.go:99.2,99.13 1 0
github.com/weeranieb/boonmafarm-backend/src/internal/handler/mocks/worker_handler.go:17.60,20.19 2 0
github.com/weeranieb/boonmafarm-backend/src/internal/handler/mocks/worker_handler.go:20.19,21.51 1 0
github.com/weeranieb/boonmafarm-backend/src/internal/handler/mocks/worker_handler.go:24.2,25.55 2 0
github.com/weeranieb/boonmafarm-backend/src/internal/handler/mocks/worker_handler.go:25.55,27.3 1 0
github.com/weeranieb/boonmafarm-backend/src/internal/handler/mocks/worker_handler.go:27.8,29.3 1 0
github.com/weeranieb/boonmafarm-backend/src/internal/handler/mocks/worker_handler.go:31.2,31.11 1 0
github.com/weeranieb/boonmafarm-backend/src/internal/handler/mocks/worker_handler.go:35.60,38.19 2 0
github.com/weeranieb/boonmafarm-backend/src/internal/handler/mocks/worker_handler.go:38.19,39.51 1 0
github.com/weeranieb/boonmafarm-backend/src/internal/handler/mocks/worker_handler.go:42.2,43.55 2 0
github.com/weeranieb/boonmafarm-backend/src/internal/handler/mocks/worker_handler.go:43.55,45.3 1 0
github.com/weeranieb/boonmafarm-backend/src/internal/handler/mocks/worker_handler.go:45.8,47.3 1 0
github.com/weeranieb/boonmafarm-backend/src/internal/handler/mocks/worker_handler.go:49.2,49.11 1 0
github.com/weeranieb/boonmafarm-backend/src/internal/handler/mocks/worker_handler.go:53.61,56.19 2 0
github.com/weeranieb/boonmafarm-backend/src/internal/handler/mocks/worker_handler.go:56.19,57.52 1 0
github.com/weeranieb/boonmafarm-backend/src/internal/handler/mocks/worker_handler.go:60.2,61.55 2 0
github.com/weeranieb/boonmafarm-backend/src/internal/handler/mocks/worker_handler.go:61.55,63.3 1 0
github.com/weeranieb/boonmafarm-backend/src/internal/handler/mocks/worker_handler.go:63.8,65.3 1 0
github.com/weeranieb/boonmafarm-backend/src/internal/handler/mocks/worker_handler.go:67.2,67.11 1 0
github.com/weeranieb/boonmafarm-backend/src/internal/handler/mocks/worker_handler.go:71.63,74.19 2 0
github.com/weeranieb/boonmafarm-backend/src/internal/handler/mocks/worker_handler.go:74.19,75.54 1 0
github.com/weeranieb/boonmafarm-backend/src/internal/handler/mocks/worker_handler.go:78.2,79.55 2 0
github.com/weeranieb/boonmafarm-backend/src/internal/handler/mocks/worker_handler.go:79.55,81.3 1 0
github.com/weeranieb/boonmafarm-backend/src/internal/handler/mocks/worker_handler.go:81.8,83.3 1 0
github.com/weeranieb/boonmafarm-backend/src/internal/handler/mocks/worker_handler.go:85.2,85.11 1 0
github.com/weeranieb/boonmafarm-backend/src/internal/handler/mocks/worker_handler.go:93.23,97.19 3 0
github.com/weeranieb/boonmafarm-backend/src/internal/handler/mocks/worker_handler.go:97.19,97.49 1 0
github.com/weeranieb/boonmafarm-backend/src/internal/handler/mocks/worker_handler.go:99.2,99.13 1 0
github.com/weeranieb/boonmafarm-backend/src/internal/middleware/jwt_auth.go:16.40,17.34 1 0
github.com/weeranieb/boonmafarm-backend/src/internal/middleware/jwt_auth.go:17.34,27.36 2 0
github.com/weeranieb/boonmafarm-backend/src/internal/middleware/jwt_auth.go:27.36,28.40 1 0
github.com/weeranieb/boonmafarm-backend/src/internal/middleware/jwt_auth.go:28.40,30.5 1 0
github.com/weeranieb/boonmafarm-backend/src/internal/middleware/jwt_auth.go:34.3,35.23 2 0
github.com/weeranieb/boonmafarm-backend/src/internal/middleware/jwt_auth.go:35.23,37.4 1 0
github.com/weeranieb/boonmafarm-backend/src/internal/middleware/jwt_auth.go:40.3,41.24 2 0
github.com/weeranieb/boonmafarm-backend/src/internal/middleware/jwt_auth.go:41.24,43.4 1 0
github.com/weeranieb/boonmafarm-backend/src/internal/middleware/jwt_auth.go:46.3,47.84 2 0
github.com/weeranieb/boonmafarm-backend/src/internal/middleware/jwt_auth.go:47.84,49.59 1 0
github.com/weeranieb/boonmafarm-backend/src/internal/middleware/jwt_auth.go:49.59,51.5 1 0
github.com/weeranieb/boonmafarm-backend/src/internal/middleware/jwt_auth.go:52.4,52.33 1 0
github.com/weeranieb/boonmafarm-backend/src/internal/middleware/jwt_auth.go:55.3,55.33 1 0
github.com/weeranieb/boonmafarm-backend/src/internal/middleware/jwt_auth.go:55.33,57.4 1 0
github.com/weeranieb/boonmafarm-backend/src/internal/middleware/jwt_auth.go:59.3,60.10 2 0
github.com/weeranieb/boonmafarm-backend/src/internal/middleware/jwt_auth.go:60.10,62.4 1 0
github.com/weeranieb/boonmafarm-backend/src/internal/middleware/jwt_auth.go:65.3,65.51 1 0
github.com/weeranieb/boonmafarm-backend/src/internal/middleware/jwt_auth.go:65.51,67.4 1 0
github.com/weeranieb/boonmafarm-backend/src/internal/middleware/jwt_auth.go:68.3,68.54 1 0
github.com/weeranieb/boonmafarm-backend/src/internal/middleware/jwt_auth.go:68.54,70.4 1 0
github.com/weeranieb/boonmafarm-backend/src/internal/middleware/jwt_auth.go:71.3,71.57 1 0
github.com/weeranieb/boonmafarm-backend/src/internal/middleware/jwt_auth.go:71.57,73.4 1 0
github.com/weeranieb/boonmafarm-backend/src/internal/middleware/jwt_auth.go:74.3,74.55 1 0
github.com/weeranieb/boonmafarm-backend/src/internal/middleware/jwt_auth.go:74.55,76.4 1 0
github.com/weeranieb/boonmafarm-backend/src/internal/middleware/jwt_auth.go:79.3,79.18 1 0
github.com/weeranieb/boonmafarm-backend/src/internal/errors/app_error.go:11.35,12.18 1 0
github.com/weeranieb/boonmafarm-backend/src/internal/errors/app_error.go:12.18,14.3 1 0
github.com/weeranieb/boonmafarm-backend/src/internal/errors/app_error.go:15.2,15.50 1 0
github.com/weeranieb/boonmafarm-backend/src/internal/errors/app_error.go:18.34,20.2 1 0
github.com/weeranieb/boonmafarm-backend/src/internal/errors/app_error.go:22.40,24.2 1 0
github.com/weeranieb/boonmafarm-backend/src/internal/errors/app_error.go:27.46,33.2 1 0
github.com/weeranieb/boonmafarm-backend/src/internal/handler/auth_handler.go:24.66,28.2 1 0
github.com/weeranieb/boonmafarm-backend/src/internal/handler/auth_handler.go:42.56,45.15 2 0
github.com/weeranieb/boonmafarm-backend/src/internal/handler/auth_handler.go:45.15,46.31 1 0
github.com/weeranieb/boonmafarm-backend/src/internal/handler/auth_handler.go:46.31,48.4 1 0
github.com/weeranieb/boonmafarm-backend/src/internal/handler/auth_handler.go:51.2,51.95 1 0
github.com/weeranieb/boonmafarm-backend/src/internal/handler/auth_handler.go:51.95,53.3 1 0
github.com/weeranieb/boonmafarm-backend/src/internal/handler/auth_handler.go:55.2,56.16 2 0
github.com/weeranieb/boonmafarm-backend/src/internal/handler/auth_handler.go:56.16,58.3 1 0
github.com/weeranieb/boonmafarm-backend/src/internal/handler/auth_handler.go:60.2,60.33 1 0
github.com/weeranieb/boonmafarm-backend/src/internal/handler/auth_handler.go:76.53,79.15 2 0
github.com/weeranieb/boonmafarm-backend/src/internal/handler/auth_handler.go:79.15,80.31 1 0
github.com/weeranieb/boonmafarm-backend/src/internal/handler/auth_handler.go:80.31,82.4 1 0
github.com/weeranieb/boonmafarm-backend/src/internal/handler/auth_handler.go:85.2,85.92 1 0
github.com/weeranieb/boonmafarm-backend/src/internal/handler/auth_handler.go:85.92,87.3 1 0
github.com/weeranieb/boonmafarm-backend/src/internal/handler/auth_handler.go:89.2,90.16 2 0
github.com/weeranieb/boonmafarm-backend/src/internal/handler/auth_handler.go:90.16,92.3 1 0
github.com/weeranieb/boonmafarm-backend/src/internal/handler/auth_handler.go:94.2,100.39 2 0
github.com/weeranieb/boonmafarm-backend/src/internal/handler/farm_handler.go:29.66,33.2 1 1
github.com/weeranieb/boonmafarm-backend/src/internal/handler/farm_handler.go:48.55,51.15 2 1
github.com/weeranieb/boonmafarm-backend/src/internal/handler/farm_handler.go:51.15,52.31 1 1
github.com/weeranieb/boonmafarm-backend/src/internal/handler/farm_handler.go:52.31,54.4 1 0
github.com/weeranieb/boonmafarm-backend/src/internal/handler/farm_handler.go:57.2,57.97 1 1
github.com/weeranieb/boonmafarm-backend/src/internal/handler/farm_handler.go:57.97,59.3 1 0
github.com/weeranieb/boonmafarm-backend/src/internal/handler/farm_handler.go:62.2,63.16 2 1
github.com/weeranieb/boonmafarm-backend/src/internal/handler/farm_handler.go:63.16,65.3 1 0
github.com/weeranieb/boonmafarm-backend/src/internal/handler/farm_handler.go:68.2,69.16 2 1
github.com/weeranieb/boonmafarm-backend/src/internal/handler/farm_handler.go:69.16,71.3 1 0
github.com/weeranieb/boonmafarm-backend/src/internal/handler/farm_handler.go:73.2,74.16 2 1
github.com/weeranieb/boonmafarm-backend/src/internal/handler/farm_handler.go:74.16,76.3 1 0
github.com/weeranieb/boonmafarm-backend/src/internal/handler/farm_handler.go:78.2,78.33 1 1
github.com/weeranieb/boonmafarm-backend/src/internal/handler/farm_handler.go:94.55,95.15 1 1
github.com/weeranieb/boonmafarm-backend/src/internal/handler/farm_handler.go:95.15,96.31 1 1
github.com/weeranieb/boonmafarm-backend/src/internal/handler/farm_handler.go:96.31,98.4 1 0
github.com/weeranieb/boonmafarm-backend/src/internal/handler/farm_handler.go:102.2,104.16 3 1
github.com/weeranieb/boonmafarm-backend/src/internal/handler/farm_handler.go:104.16,106.3 1 0
github.com/weeranieb/boonmafarm-backend/src/internal/handler/farm_handler.go:109.2,110.16 2 1
github.com/weeranieb/boonmafarm-backend/src/internal/handler/farm_handler.go:110.16,112.3 1 0
github.com/weeranieb/boonmafarm-backend/src/internal/handler/farm_handler.go:114.2,115.16 2 1
github.com/weeranieb/boonmafarm-backend/src/internal/handler/farm_handler.go:115.16,117.3 1 0
github.com/weeranieb/boonmafarm-backend/src/internal/handler/farm_handler.go:119.2,119.30 1 1
github.com/weeranieb/boonmafarm-backend/src/internal/handler/farm_handler.go:134.59,135.15 1 1
github.com/weeranieb/boonmafarm-backend/src/internal/handler/farm_handler.go:135.15,136.31 1 1
github.com/weeranieb/boonmafarm-backend/src/internal/handler/farm_handler.go:136.31,138.4 1 0
github.com/weeranieb/boonmafarm-backend/src/internal/handler/farm_handler.go:142.2,143.16 2 1
github.com/weeranieb/boonmafarm-backend/src/internal/handler/farm_handler.go:143.16,145.3 1 0
github.com/weeranieb/boonmafarm-backend/src/internal/handler/farm_handler.go:147.2,148.16 2 1
github.com/weeranieb/boonmafarm-backend/src/internal/handler/farm_handler.go:148.16,150.3 1 0
github.com/weeranieb/boonmafarm-backend/src/internal/handler/farm_handler.go:152.2,152.34 1 1
github.com/weeranieb/boonmafarm-backend/src/internal/handler/farm_handler.go:168.58,171.15 2 0
github.com/weeranieb/boonmafarm-backend/src/internal/handler/farm_handler.go:171.15,172.31 1 0
github.com/weeranieb/boonmafarm-backend/src/internal/handler/farm_handler.go:172.31,174.4 1 0
github.com/weeranieb/boonmafarm-backend/src/internal/handler/farm_handler.go:177.2,177.50 1 0
github.com/weeranieb/boonmafarm-backend/src/internal/handler/farm_handler.go:177.50,179.3 1 0
github.com/weeranieb/boonmafarm-backend/src/internal/handler/farm_handler.go:182.2,183.16 2 0
github.com/weeranieb/boonmafarm-backend/src/internal/handler/farm_handler.go:183.16,185.3 1 0
github.com/weeranieb/boonmafarm-backend/src/internal/handler/farm_handler.go:187.2,188.16 2 0
github.com/weeranieb/boonmafarm-backend/src/internal/handler/farm_handler.go:188.16,190.3 1 0
github.com/weeranieb/boonmafarm-backend/src/internal/handler/farm_handler.go:192.2,192.35 1 0
github.com/weeranieb/boonmafarm-backend/src/internal/handler/feed_collection_handler.go:29.106,33.2 1 1
github.com/weeranieb/boonmafarm-backend/src/internal/handler/feed_collection_handler.go:48.75,51.15 2 1
github.com/weeranieb/boonmafarm-backend/src/internal/handler/feed_collection_handler.go:51.15,52.31 1 1
github.com/weeranieb/boonmafarm-backend/src/internal/handler/feed_collection_handler.go:52.31,54.4 1 0
github.com/weeranieb/boonmafarm-backend/src/internal/handler/feed_collection_handler.go:57.2,57.107 1 1
github.com/weeranieb/boonmafarm-backend/src/internal/handler/feed_collection_handler.go:57.107,59.3 1 0
github.com/weeranieb/boonmafarm-backend/src/internal/handler/feed_collection_handler.go:62.2,63.16 2 1
github.com/weeranieb/boonmafarm-backend/src/internal/handler/feed_collection_handler.go:63.16,65.3 1 0
github.com/weeranieb/boonmafarm-backend/src/internal/handler/feed_collection_handler.go:68.2,69.16 2 1
github.com/weeranieb/boonmafarm-backend/src/internal/handler/feed_collection_handler.go:69.16,71.3 1 0
github.com/weeranieb/boonmafarm-backend/src/internal/handler/feed_collection_handler.go:73.2,74.16 2 1
github.com/weeranieb/boonmafarm-backend/src/internal/handler/feed_collection_handler.go:74.16,76.3 1 0
github.com/weeranieb/boonmafarm-backend/src/internal/handler/feed_collection_handler.go:78.2,78.32 1 1
github.com/weeranieb/boonmafarm-backend/src/internal/handler/feed_collection_handler.go:94.75,95.15 1 1
github.com/weeranieb/boonmafarm-backend/src/internal/handler/feed_collection_handler.go:95.15,96.31 1 1
github.com/weeranieb/boonmafarm-backend/src/internal/handler/feed_collection_handler.go:96.31,98.4 1 0
github.com/weeranieb/boonmafarm-backend/src/internal/handler/feed_collection_handler.go:102.2,104.16 3 1
github.com/weeranieb/boonmafarm-backend/src/internal/handler/feed_collection_handler.go:104.16,106.3 1 0
github.com/weeranieb/boonmafarm-backend/src/internal/handler/feed_collection_handler.go:108.2,109.16 2 1
github.com/weeranieb/boonmafarm-backend/src/internal/handler/feed_collection_handler.go:109.16,111.3 1 0
github.com/weeranieb/boonmafarm-backend/src/internal/handler/feed_collection_handler.go:113.2,113.40 1 1
github.com/weeranieb/boonmafarm-backend/src/internal/handler/feed_collection_handler.go:129.78,132.15 2 0
github.com/weeranieb/boonmafarm-backend/src/internal/handler/feed_collection_handler.go:132.15,133.31 1 0
github.com/weeranieb/boonmafarm-backend/src/internal/handler/feed_collection_handler.go:133.31,135.4 1 0
github.com/weeranieb/boonmafarm-backend/src/internal/handler/feed_collection_handler.go:138.2,138.60 1 0
github.com/weeranieb/boonmafarm-backend/src/internal/handler/feed_collection_handler.go:138.60,140.3 1 0
github.com/weeranieb/boonmafarm-backend/src/internal/handler/feed_collection_handler.go:143.2,144.16 2 0
github.com/weeranieb/boonmafarm-backend/src/internal/handler/feed_collection_handler.go:144.16,146.3 1 0
github.com/weeranieb/boonmafarm-backend/src/internal/handler/feed_collection_handler.go:148.2,149.16 2 0
github.com/weeranieb/boonmafarm-backend/src/internal/handler/feed_collection_handler.go:149.16,151.3 1 0
github.com/weeranieb/boonmafarm-backend/src/internal/handler/feed_collection_handler.go:153.2,153.35 1 0
github.com/weeranieb/boonmafarm-backend/src/internal/handler/feed_collection_handler.go:171.76,172.15 1 1
github.com/weeranieb/boonmafarm-backend/src/internal/handler/feed_collection_handler.go:172.15,173.31 1 1
github.com/weeranieb/boonmafarm-backend/src/internal/handler/feed_collection_handler.go:173.31,175.4 1 0
github.com/weeranieb/boonmafarm-backend/src/internal/handler/feed_collection_handler.go:179.2,185.16 6 1
github.com/weeranieb/boonmafarm-backend/src/internal/handler/feed_collection_handler.go:185.16,187.3 1 0
github.com/weeranieb/boonmafarm-backend/src/internal/handler/feed_collection_handler.go:189.2,190.16 2 1
github.com/weeranieb/boonmafarm-backend/src/internal/handler/feed_collection_handler.go:190.16,192.3 1 0
github.com/weeranieb/boonmafarm-backend/src/internal/handler/feed_collection_handler.go:195.2,196.16 2 1
github.com/weeranieb/boonmafarm-backend/src/internal/handler/feed_collection_handler.go:196.16,198.3 1 0
github.com/weeranieb/boonmafarm-backend/src/internal/handler/feed_collection_handler.go:200.2,201.16 2 1
github.com/weeranieb/boonmafarm-backend/src/internal/handler/feed_collection_handler.go:201.16,203.3 1 0
github.com/weeranieb/boonmafarm-backend/src/internal/handler/feed_collection_handler.go:205.2,205.44 1 1
github.com/weeranieb/boonmafarm-backend/src/internal/handler/feed_price_history_handler.go:29.114,33.2 1 1
github.com/weeranieb/boonmafarm-backend/src/internal/handler/feed_price_history_handler.go:35.79,38.15 2 1
github.com/weeranieb/boonmafarm-backend/src/internal/handler/feed_price_history_handler.go:38.15,39.31 1 1
github.com/weeranieb/boonmafarm-backend/src/internal/handler/feed_price_history_handler.go:39.31,41.4 1 0
github.com/weeranieb/boonmafarm-backend/src/internal/handler/feed_price_history_handler.go:44.2,44.109 1 1
github.com/weeranieb/boonmafarm-backend/src/internal/handler/feed_price_history_handler.go:44.109,46.3 1 0
github.com/weeranieb/boonmafarm-backend/src/internal/handler/feed_price_history_handler.go:48.2,49.16 2 1
github.com/weeranieb/boonmafarm-backend/src/internal/handler/feed_price_history_handler.go:49.16,51.3 1 0
github.com/weeranieb/boonmafarm-backend/src/internal/handler/feed_price_history_handler.go:53.2,54.16 2 1
github.com/weeranieb/boonmafarm-backend/src/internal/handler/feed_price_history_handler.go:54.16,56.3 1 0
github.com/weeranieb/boonmafarm-backend/src/internal/handler/feed_price_history_handler.go:58.2,58.32 1 1
github.com/weeranieb/boonmafarm-backend/src/internal/handler/feed_price_history_handler.go:61.79,62.15 1 1
github.com/weeranieb/boonmafarm-backend/src/internal/handler/feed_price_history_handler.go:62.15,63.31 1 1
github.com/weeranieb/boonmafarm-backend/src/internal/handler/feed_price_history_handler.go:63.31,65.4 1 0
github.com/weeranieb/boonmafarm-backend/src/internal/handler/feed_price_history_handler.go:68.2,70.16 3 1
github.com/weeranieb/boonmafarm-backend/src/internal/handler/feed_price_history_handler.go:70.16,72.3 1 0
github.com/weeranieb/boonmafarm-backend/src/internal/handler/feed_price_history_handler.go:74.2,75.16 2 1
github.com/weeranieb/boonmafarm-backend/src/internal/handler/feed_price_history_handler.go:75.16,77.3 1 0
github.com/weeranieb/boonmafarm-backend/src/internal/handler/feed_price_history_handler.go:79.2,79.32 1 1
github.com/weeranieb/boonmafarm-backend/src/internal/handler/feed_price_history_handler.go:82.82,85.15 2 0
github.com/weeranieb/boonmafarm-backend/src/internal/handler/feed_price_history_handler.go:85.15,86.31 1 0
github.com/weeranieb/boonmafarm-backend/src/internal/handler/feed_price_history_handler.go:86.31,88.4 1 0
github.com/weeranieb/boonmafarm-backend/src/internal/handler/feed_price_history_handler.go:91.2,91.62 1 0
github.com/weeranieb/boonmafarm-backend/src/internal/handler/feed_price_history_handler.go:91.62,93.3 1 0
github.com/weeranieb/boonmafarm-backend/src/internal/handler/feed_price_history_handler.go:95.2,96.16 2 0
github.com/weeranieb/boonmafarm-backend/src/internal/handler/feed_price_history_handler.go:96.16,98.3 1 0
github.com/weeranieb/boonmafarm-backend/src/internal/handler/feed_price_history_handler.go:100.2,101.16 2 0
github.com/weeranieb/boonmafarm-backend/src/internal/handler/feed_price_history_handler.go:101.16,103.3 1 0
github.com/weeranieb/boonmafarm-backend/src/internal/handler/feed_price_history_handler.go:105.2,105.35 1 0
github.com/weeranieb/boonmafarm-backend/src/internal/handler/feed_price_history_handler.go:108.82,109.15 1 1
github.com/weeranieb/boonmafarm-backend/src/internal/handler/feed_price_history_handler.go:109.15,110.31 1 1
github.com/weeranieb/boonmafarm-backend/src/internal/handler/feed_price_history_handler.go:110.31,112.4 1 0
github.com/weeranieb/boonmafarm-backend/src/internal/handler/feed_price_history_handler.go:115.2,117.16 3 1
github.com/weeranieb/boonmafarm-backend/src/internal/handler/feed_price_history_handler.go:117.16,119.3 1 0
github.com/weeranieb/boonmafarm-backend/src/internal/handler/feed_price_history_handler.go:121.2,122.16 2 1
github.com/weeranieb/boonmafarm-backend/src/internal/handler/feed_price_history_handler.go:122.16,124.3 1 0
github.com/weeranieb/boonmafarm-backend/src/internal/handler/feed_price_history_handler.go:126.2,126.32 1 1
github.com/weeranieb/boonmafarm-backend/src/internal/handler/handler.go:35.48,46.2 1 0
github.com/weeranieb/boonmafarm-backend/src/internal/handler/handler.go:49.78,50.45 1 1
github.com/weeranieb/boonmafarm-backend/src/internal/handler/handler.go:50.45,52.3 1 1
github.com/weeranieb/boonmafarm-backend/src/internal/handler/handler.go:54.2,54.53 1 1
github.com/weeranieb/boonmafarm-backend/src/internal/handler/handler.go:54.53,56.3 1 1
github.com/weeranieb/boonmafarm-backend/src/internal/handler/handler.go:58.2,58.12 1 1
github.com/weeranieb/boonmafarm-backend/src/internal/handler/merchant_handler.go:29.82,33.2 1 1
github.com/weeranieb/boonmafarm-backend/src/internal/handler/merchant_handler.go:48.63,51.15 2 1
github.com/weeranieb/boonmafarm-backend/src/internal/handler/merchant_handler.go:51.15,52.31 1 1
github.com/weeranieb/boonmafarm-backend/src/internal/handler/merchant_handler.go:52.31,54.4 1 0
github.com/weeranieb/boonmafarm-backend/src/internal/handler/merchant_handler.go:57.2,57.101 1 1
github.com/weeranieb/boonmafarm-backend/src/internal/handler/merchant_handler.go:57.101,59.3 1 0
github.com/weeranieb/boonmafarm-backend/src/internal/handler/merchant_handler.go:62.2,63.16 2 1
github.com/weeranieb/boonmafarm-backend/src/internal/handler/merchant_handler.go:63.16,65.3 1 0
github.com/weeranieb/boonmafarm-backend/src/internal/handler/merchant_handler.go:67.2,68.16 2 1
github.com/weeranieb/boonmafarm-backend/src/internal/handler/merchant_handler.go:68.16,70.3 1 0
github.com/weeranieb/boonmafarm-backend/src/internal/handler/merchant_handler.go:72.2,72.37 1 1
github.com/weeranieb/boonmafarm-backend/src/internal/handler/merchant_handler.go:88.63,89.15 1 1
github.com/weeranieb/boonmafarm-backend/src/internal/handler/merchant_handler.go:89.15,90.31 1 1
github.com/weeranieb/boonmafarm-backend/src/internal/handler/merchant_handler.go:90.31,92.4 1 0
github.com/weeranieb/boonmafarm-backend/src/internal/handler/merchant_handler.go:96.2,98.16 3 1
github.com/weeranieb/boonmafarm-backend/src/internal/handler/merchant_handler.go:98.16,100.3 1 0
github.com/weeranieb/boonmafarm-backend/src/internal/handler/merchant_handler.go:102.2,103.16 2 1
github.com/weeranieb/boonmafarm-backend/src/internal/handler/merchant_handler.go:103.16,105.3 1 0
github.com/weeranieb/boonmafarm-backend/src/internal/handler/merchant_handler.go:107.2,107.34 1 1
github.com/weeranieb/boonmafarm-backend/src/internal/handler/merchant_handler.go:121.67,122.15 1 1
github.com/weeranieb/boonmafarm-backend/src/internal/handler/merchant_handler.go:122.15,123.31 1 1
github.com/weeranieb/boonmafarm-backend/src/internal/handler/merchant_handler.go:123.31,125.4 1 0
github.com/weeranieb/boonmafarm-backend/src/internal/handler/merchant_handler.go:128.2,129.16 2 1
github.com/weeranieb/boonmafarm-backend/src/internal/handler/merchant_handler.go:129.16,131.3 1 0
github.com/weeranieb/boonmafarm-backend/src/internal/handler/merchant_handler.go:133.2,133.38 1 1
github.com/weeranieb/boonmafarm-backend/src/internal/handler/merchant_handler.go:149.66,152.15 2 0
github.com/weeranieb/boonmafarm-backend/src/internal/handler/merchant_handler.go:152.15,153.31 1 0
github.com/weeranieb/boonmafarm-backend/src/internal/handler/merchant_handler.go:153.31,155.4 1 0
github.com/weeranieb/boonmafarm-backend/src/internal/handler/merchant_handler.go:158.2,158.54 1 0
github.com/weeranieb/boonmafarm-backend/src/internal/handler/merchant_handler.go:158.54,160.3 1 0
github.com/weeranieb/boonmafarm-backend/src/internal/handler/merchant_handler.go:163.2,164.16 2 0
github.com/weeranieb/boonmafarm-backend/src/internal/handler/merchant_handler.go:164.16,166.3 1 0
github.com/weeranieb/boonmafarm-backend/src/internal/handler/merchant_handler.go:168.2,169.16 2 0
github.com/weeranieb/boonmafarm-backend/src/internal/handler/merchant_handler.go:169.16,171.3 1 0
github.com/weeranieb/boonmafarm-backend/src/internal/handler/merchant_handler.go:173.2,173.35 1 0
github.com/weeranieb/boonmafarm-backend/src/internal/handler/pond_handler.go:31.66,35.2 1 1
github.com/weeranieb/boonmafarm-backend/src/internal/handler/pond_handler.go:50.55,53.15 2 1
github.com/weeranieb/boonmafarm-backend/src/internal/handler/pond_handler.go:53.15,54.31 1 1
github.com/weeranieb/boonmafarm-backend/src/internal/handler/pond_handler.go:54.31,56.4 1 0
github.com/weeranieb/boonmafarm-backend/src/internal/handler/pond_handler.go:59.2,59.97 1 1
github.com/weeranieb/boonmafarm-backend/src/internal/handler/pond_handler.go:59.97,61.3 1 0
github.com/weeranieb/boonmafarm-backend/src/internal/handler/pond_handler.go:64.2,65.16 2 1
github.com/weeranieb/boonmafarm-backend/src/internal/handler/pond_handler.go:65.16,67.3 1 0
github.com/weeranieb/boonmafarm-backend/src/internal/handler/pond_handler.go:69.2,70.16 2 1
github.com/weeranieb/boonmafarm-backend/src/internal/handler/pond_handler.go:70.16,72.3 1 0
github.com/weeranieb/boonmafarm-backend/src/internal/handler/pond_handler.go:74.2,74.33 1 1
github.com/weeranieb/boonmafarm-backend/src/internal/handler/pond_handler.go:90.56,93.15 2 1
github.com/weeranieb/boonmafarm-backend/src/internal/handler/pond_handler.go:93.15,94.31 1 1
github.com/weeranieb/boonmafarm-backend/src/internal/handler/pond_handler.go:94.31,96.4 1 0
github.com/weeranieb/boonmafarm-backend/src/internal/handler/pond_handler.go:99.2,99.98 1 1
github.com/weeranieb/boonmafarm-backend/src/internal/handler/pond_handler.go:99.98,101.3 1 0
github.com/weeranieb/boonmafarm-backend/src/internal/handler/pond_handler.go:104.2,105.16 2 1
github.com/weeranieb/boonmafarm-backend/src/internal/handler/pond_handler.go:105.16,107.3 1 0
github.com/weeranieb/boonmafarm-backend/src/internal/handler/pond_handler.go:109.2,110.16 2 1
github.com/weeranieb/boonmafarm-backend/src/internal/handler/pond_handler.go:110.16,112.3 1 0
github.com/weeranieb/boonmafarm-backend/src/internal/handler/pond_handler.go:114.2,114.34 1 1
github.com/weeranieb/boonmafarm-backend/src/internal/handler/pond_handler.go:130.55,131.15 1 1
github.com/weeranieb/boonmafarm-backend/src/internal/handler/pond_handler.go:131.15,132.31 1 1
github.com/weeranieb/boonmafarm-backend/src/internal/handler/pond_handler.go:132.31,134.4 1 0
github.com/weeranieb/boonmafarm-backend/src/internal/handler/pond_handler.go:138.2,140.16 3 1
github.com/weeranieb/boonmafarm-backend/src/internal/handler/pond_handler.go:140.16,142.3 1 0
github.com/weeranieb/boonmafarm-backend/src/internal/handler/pond_handler.go:144.2,145.16 2 1
github.com/weeranieb/boonmafarm-backend/src/internal/handler/pond_handler.go:145.16,147.3 1 0
github.com/weeranieb/boonmafarm-backend/src/internal/handler/pond_handler.go:149.2,149.30 1 1
github.com/weeranieb/boonmafarm-backend/src/internal/handler/pond_handler.go:164.59,165.15 1 1
github.com/weeranieb/boonmafarm-backend/src/internal/handler/pond_handler.go:165.15,166.31 1 1
github.com/weeranieb/boonmafarm-backend/src/internal/handler/pond_handler.go:166.31,168.4 1 0
github.com/weeranieb/boonmafarm-backend/src/internal/handler/pond_handler.go:172.2,174.16 3 1
github.com/weeranieb/boonmafarm-backend/src/internal/handler/pond_handler.go:174.16,176.3 1 0
github.com/weeranieb/boonmafarm-backend/src/internal/handler/pond_handler.go:178.2,179.16 2 1
github.com/weeranieb/boonmafarm-backend/src/internal/handler/pond_handler.go:179.16,181.3 1 0
github.com/weeranieb/boonmafarm-backend/src/internal/handler/pond_handler.go:183.2,183.34 1 1
github.com/weeranieb/boonmafarm-backend/src/internal/handler/pond_handler.go:199.58,202.15 2 0
github.com/weeranieb/boonmafarm-backend/src/internal/handler/pond_handler.go:202.15,203.31 1 0
github.com/weeranieb/boonmafarm-backend/src/internal/handler/pond_handler.go:203.31,205.4 1 0
github.com/weeranieb/boonmafarm-backend/src/internal/handler/pond_handler.go:208.2,208.50 1 0
github.com/weeranieb/boonmafarm-backend/src/internal/handler/pond_handler.go:208.50,210.3 1 0
github.com/weeranieb/boonmafarm-backend/src/internal/handler/pond_handler.go:213.2,214.16 2 0
github.com/weeranieb/boonmafarm-backend/src/internal/handler/pond_handler.go:214.16,216.3 1 0
github.com/weeranieb/boonmafarm-backend/src/internal/handler/pond_handler.go:218.2,219.16 2 0
github.com/weeranieb/boonmafarm-backend/src/internal/handler/pond_handler.go:219.16,221.3 1 0
github.com/weeranieb/boonmafarm-backend/src/internal/handler/pond_handler.go:223.2,223.35 1 0
github.com/weeranieb/boonmafarm-backend/src/internal/handler/pond_handler.go:239.58,240.15 1 0
github.com/weeranieb/boonmafarm-backend/src/internal/handler/pond_handler.go:240.15,241.31 1 0
github.com/weeranieb/boonmafarm-backend/src/internal/handler/pond_handler.go:241.31,243.4 1 0
github.com/weeranieb/boonmafarm-backend/src/internal/handler/pond_handler.go:247.2,249.16 3 0
github.com/weeranieb/boonmafarm-backend/src/internal/handler/pond_handler.go:249.16,251.3 1 0
github.com/weeranieb/boonmafarm-backend/src/internal/handler/pond_handler.go:254.2,255.16 2 0
github.com/weeranieb/boonmafarm-backend/src/internal/handler/pond_handler.go:255.16,257.3 1 0
github.com/weeranieb/boonmafarm-backend/src/internal/handler/pond_handler.go:259.2,260.16 2 0
github.com/weeranieb/boonmafarm-backend/src/internal/handler/pond_handler.go:260.16,262.3 1 0
github.com/weeranieb/boonmafarm-backend/src/internal/handler/pond_handler.go:264.2,264.35 1 0
github.com/weeranieb/boonmafarm-backend/src/internal/handler/user_handler.go:28.66,32.2 1 1
github.com/weeranieb/boonmafarm-backend/src/internal/handler/user_handler.go:46.55,49.15 2 1
github.com/weeranieb/boonmafarm-backend/src/internal/handler/user_handler.go:49.15,50.31 1 1
github.com/weeranieb/boonmafarm-backend/src/internal/handler/user_handler.go:50.31,52.4 1 0
github.com/weeranieb/boonmafarm-backend/src/internal/handler/user_handler.go:55.2,55.87 1 1
github.com/weeranieb/boonmafarm-backend/src/internal/handler/user_handler.go:55.87,57.3 1 0
github.com/weeranieb/boonmafarm-backend/src/internal/handler/user_handler.go:60.2,61.16 2 1
github.com/weeranieb/boonmafarm-backend/src/internal/handler/user_handler.go:61.16,63.3 1 1
github.com/weeranieb/boonmafarm-backend/src/internal/handler/user_handler.go:66.2,67.16 2 1
github.com/weeranieb/boonmafarm-backend/src/internal/handler/user_handler.go:67.16,69.3 1 1
github.com/weeranieb/boonmafarm-backend/src/internal/handler/user_handler.go:71.2,72.16 2 1
github.com/weeranieb/boonmafarm-backend/src/internal/handler/user_handler.go:72.16,74.3 1 1
github.com/weeranieb/boonmafarm-backend/src/internal/handler/user_handler.go:76.2,76.33 1 1
github.com/weeranieb/boonmafarm-backend/src/internal/handler/user_handler.go:91.55,92.15 1 1
github.com/weeranieb/boonmafarm-backend/src/internal/handler/user_handler.go:92.15,93.31 1 1
github.com/weeranieb/boonmafarm-backend/src/internal/handler/user_handler.go:93.31,95.4 1 0
github.com/weeranieb/boonmafarm-backend/src/internal/handler/user_handler.go:99.2,100.16 2 1
github.com/weeranieb/boonmafarm-backend/src/internal/handler/user_handler.go:100.16,102.3 1 1
github.com/weeranieb/boonmafarm-backend/src/internal/handler/user_handler.go:104.2,105.16 2 1
github.com/weeranieb/boonmafarm-backend/src/internal/handler/user_handler.go:105.16,107.3 1 1
github.com/weeranieb/boonmafarm-backend/src/internal/handler/user_handler.go:109.2,109.30 1 1
github.com/weeranieb/boonmafarm-backend/src/internal/handler/user_handler.go:124.58,127.15 2 1
github.com/weeranieb/boonmafarm-backend/src/internal/handler/user_handler.go:127.15,128.31 1 1
github.com/weeranieb/boonmafarm-backend/src/internal/handler/user_handler.go:128.31,130.4 1 0
github.com/weeranieb/boonmafarm-backend/src/internal/handler/user_handler.go:133.2,133.50 1 1
github.com/weeranieb/boonmafarm-backend/src/internal/handler/user_handler.go:133.50,135.3 1 1
github.com/weeranieb/boonmafarm-backend/src/internal/handler/user_handler.go:138.2,139.16 2 1
github.com/weeranieb/boonmafarm-backend/src/internal/handler/user_handler.go:139.16,141.3 1 1
github.com/weeranieb/boonmafarm-backend/src/internal/handler/user_handler.go:143.2,144.16 2 1
github.com/weeranieb/boonmafarm-backend/src/internal/handler/user_handler.go:144.16,146.3 1 1
github.com/weeranieb/boonmafarm-backend/src/internal/handler/user_handler.go:148.2,148.35 1 1
github.com/weeranieb/boonmafarm-backend/src/internal/handler/user_handler.go:162.59,163.15 1 1
github.com/weeranieb/boonmafarm-backend/src/internal/handler/user_handler.go:163.15,164.31 1 1
github.com/weeranieb/boonmafarm-backend/src/internal/handler/user_handler.go:164.31,166.4 1 0
github.com/weeranieb/boonmafarm-backend/src/internal/handler/user_handler.go:170.2,171.16 2 1
github.com/weeranieb/boonmafarm-backend/src/internal/handler/user_handler.go:171.16,173.3 1 1
github.com/weeranieb/boonmafarm-backend/src/internal/handler/user_handler.go:175.2,176.16 2 1
github.com/weeranieb/boonmafarm-backend/src/internal/handler/user_handler.go:176.16,178.3 1 1
github.com/weeranieb/boonmafarm-backend/src/internal/handler/user_handler.go:180.2,180.31 1 1
github.com/weeranieb/boonmafarm-backend/src/internal/handler/worker_handler.go:29.74,33.2 1 1
github.com/weeranieb/boonmafarm-backend/src/internal/handler/worker_handler.go:48.59,51.15 2 1
github.com/weeranieb/boonmafarm-backend/src/internal/handler/worker_handler.go:51.15,52.31 1 1
github.com/weeranieb/boonmafarm-backend/src/internal/handler/worker_handler.go:52.31,54.4 1 0
github.com/weeranieb/boonmafarm-backend/src/internal/handler/worker_handler.go:57.2,57.99 1 1
github.com/weeranieb/boonmafarm-backend/src/internal/handler/worker_handler.go:57.99,59.3 1 0
github.com/weeranieb/boonmafarm-backend/src/internal/handler/worker_handler.go:62.2,63.16 2 1
github.com/weeranieb/boonmafarm-backend/src/internal/handler/worker_handler.go:63.16,65.3 1 0
github.com/weeranieb/boonmafarm-backend/src/internal/handler/worker_handler.go:68.2,69.16 2 1
github.com/weeranieb/boonmafarm-backend/src/internal/handler/worker_handler.go:69.16,71.3 1 0
github.com/weeranieb/boonmafarm-backend/src/internal/handler/worker_handler.go:73.2,74.16 2 1
github.com/weeranieb/boonmafarm-backend/src/internal/handler/worker_handler.go:74.16,76.3 1 0
github.com/weeranieb/boonmafarm-backend/src/internal/handler/worker_handler.go:78.2,78.35 1 1
github.com/weeranieb/boonmafarm-backend/src/internal/handler/worker_handler.go:94.59,95.15 1 1
github.com/weeranieb/boonmafarm-backend/src/internal/handler/worker_handler.go:95.15,96.31 1 1
github.com/weeranieb/boonmafarm-backend/src/internal/handler/worker_handler.go:96.31,98.4 1 0
github.com/weeranieb/boonmafarm-backend/src/internal/handler/worker_handler.go:102.2,104.16 3 1
github.com/weeranieb/boonmafarm-backend/src/internal/handler/worker_handler.go:104.16,106.3 1 0
github.com/weeranieb/boonmafarm-backend/src/internal/handler/worker_handler.go:108.2,109.16 2 1
github.com/weeranieb/boonmafarm-backend/src/internal/handler/worker_handler.go:109.16,111.3 1 0
github.com/weeranieb/boonmafarm-backend/src/internal/handler/worker_handler.go:113.2,113.32 1 1
github.com/weeranieb/boonmafarm-backend/src/internal/handler/worker_handler.go:129.62,132.15 2 0
github.com/weeranieb/boonmafarm-backend/src/internal/handler/worker_handler.go:132.15,133.31 1 0
github.com/weeranieb/boonmafarm-backend/src/internal/handler/worker_handler.go:133.31,135.4 1 0
github.com/weeranieb/boonmafarm-backend/src/internal/handler/worker_handler.go:138.2,138.52 1 0
github.com/weeranieb/boonmafarm-backend/src/internal/handler/worker_handler.go:138.52,140.3 1 0
github.com/weeranieb/boonmafarm-backend/src/internal/handler/worker_handler.go:143.2,144.16 2 0
github.com/weeranieb/boonmafarm-backend/src/internal/handler/worker_handler.go:144.16,146.3 1 0
github.com/weeranieb/boonmafarm-backend/src/internal/handler/worker_handler.go:148.2,149.16 2 0
github.com/weeranieb/boonmafarm-backend/src/internal/handler/worker_handler.go:149.16,151.3 1 0
github.com/weeranieb/boonmafarm-backend/src/internal/handler/worker_handler.go:153.2,153.35 1 0
github.com/weeranieb/boonmafarm-backend/src/internal/handler/worker_handler.go:171.60,172.15 1 1
github.com/weeranieb/boonmafarm-backend/src/internal/handler/worker_handler.go:172.15,173.31 1 1
github.com/weeranieb/boonmafarm-backend/src/internal/handler/worker_handler.go:173.31,175.4 1 0
github.com/weeranieb/boonmafarm-backend/src/internal/handler/worker_handler.go:179.2,185.16 6 1
github.com/weeranieb/boonmafarm-backend/src/internal/handler/worker_handler.go:185.16,187.3 1 0
github.com/weeranieb/boonmafarm-backend/src/internal/handler/worker_handler.go:189.2,190.16 2 1
github.com/weeranieb/boonmafarm-backend/src/internal/handler/worker_handler.go:190.16,192.3 1 0
github.com/weeranieb/boonmafarm-backend/src/internal/handler/worker_handler.go:195.2,196.16 2 1
github.com/weeranieb/boonmafarm-backend/src/internal/handler/worker_handler.go:196.16,198.3 1 0
github.com/weeranieb/boonmafarm-backend/src/internal/handler/worker_handler.go:200.2,201.16 2 1
github.com/weeranieb/boonmafarm-backend/src/internal/handler/worker_handler.go:201.16,203.3 1 0
github.com/weeranieb/boonmafarm-backend/src/internal/handler/worker_handler.go:205.2,205.36 1 1
github.com/weeranieb/boonmafarm-backend/src/internal/repository/mocks/farm_repository.go:16.62,19.19 2 0
github.com/weeranieb/boonmafarm-backend/src/internal/repository/mocks/farm_repository.go:19.19,20.48 1 0
github.com/weeranieb/boonmafarm-backend/src/internal/repository/mocks/farm_repository.go:23.2,24.56 2 0
github.com/weeranieb/boonmafarm-backend/src/internal/repository/mocks/farm_repository.go:24.56,26.3 1 0
github.com/weeranieb/boonmafarm-backend/src/internal/repository/mocks/farm_repository.go:26.8,28.3 1 0
github.com/weeranieb/boonmafarm-backend/src/internal/repository/mocks/farm_repository.go:30.2,30.11 1 0
github.com/weeranieb/boonmafarm-backend/src/internal/repository/mocks/farm_repository.go:34.100,37.19 2 0
github.com/weeranieb/boonmafarm-backend/src/internal/repository/mocks/farm_repository.go:37.19,38.62 1 0
github.com/weeranieb/boonmafarm-backend/src/internal/repository/mocks/farm_repository.go:41.2,43.71 3 0
github.com/weeranieb/boonmafarm-backend/src/internal/repository/mocks/farm_repository.go:43.71,45.3 1 0
github.com/weeranieb/boonmafarm-backend/src/internal/repository/mocks/farm_repository.go:46.2,46.62 1 0
github.com/weeranieb/boonmafarm-backend/src/internal/repository/mocks/farm_repository.go:46.62,48.3 1 0
github.com/weeranieb/boonmafarm-backend/src/internal/repository/mocks/farm_repository.go:48.8,49.24 1 0
github.com/weeranieb/boonmafarm-backend/src/internal/repository/mocks/farm_repository.go:49.24,51.4 1 0
github.com/weeranieb/boonmafarm-backend/src/internal/repository/mocks/farm_repository.go:54.2,54.56 1 0
github.com/weeranieb/boonmafarm-backend/src/internal/repository/mocks/farm_repository.go:54.56,56.3 1 0
github.com/weeranieb/boonmafarm-backend/src/internal/repository/mocks/farm_repository.go:56.8,58.3 1 0
github.com/weeranieb/boonmafarm-backend/src/internal/repository/mocks/farm_repository.go:60.2,60.15 1 0
github.com/weeranieb/boonmafarm-backend/src/internal/repository/mocks/farm_repository.go:64.68,67.19 2 0
github.com/weeranieb/boonmafarm-backend/src/internal/repository/mocks/farm_repository.go:67.19,68.49 1 0
github.com/weeranieb/boonmafarm-backend/src/internal/repository/mocks/farm_repository.go:71.2,73.63 3 0
github.com/weeranieb/boonmafarm-backend/src/internal/repository/mocks/farm_repository.go:73.63,75.3 1 0
github.com/weeranieb/boonmafarm-backend/src/internal/repository/mocks/farm_repository.go:76.2,76.54 1 0
github.com/weeranieb/boonmafarm-backend/src/internal/repository/mocks/farm_repository.go:76.54,78.3 1 0
github.com/weeranieb/boonmafarm-backend/src/internal/repository/mocks/farm_repository.go:78.8,79.24 1 0
github.com/weeranieb/boonmafarm-backend/src/internal/repository/mocks/farm_repository.go:79.24,81.4 1 0
github.com/weeranieb/boonmafarm-backend/src/internal/repository/mocks/farm_repository.go:84.2,84.48 1 0
github.com/weeranieb/boonmafarm-backend/src/internal/repository/mocks/farm_repository.go:84.48,86.3 1 0
github.com/weeranieb/boonmafarm-backend/src/internal/repository/mocks/farm_repository.go:86.8,88.3 1 0
github.com/weeranieb/boonmafarm-backend/src/internal/repository/mocks/farm_repository.go:90.2,90.15 1 0
github.com/weeranieb/boonmafarm-backend/src/internal/repository/mocks/farm_repository.go:94.100,97.19 2 0
github.com/weeranieb/boonmafarm-backend/src/internal/repository/mocks/farm_repository.go:97.19,98.62 1 0
github.com/weeranieb/boonmafarm-backend/src/internal/repository/mocks/farm_repository.go:101.2,103.71 3 0
github.com/weeranieb/boonmafarm-backend/src/internal/repository/mocks/farm_repository.go:103.71,105.3 1 0
github.com/weeranieb/boonmafarm-backend/src/internal/repository/mocks/farm_repository.go:106.2,106.62 1 0
github.com/weeranieb/boonmafarm-backend/src/internal/repository/mocks/farm_repository.go:106.62,108.3 1 0
github.com/weeranieb/boonmafarm-backend/src/internal/repository/mocks/farm_repository.go:108.8,109.24 1 0
github.com/weeranieb/boonmafarm-backend/src/internal/repository/mocks/farm_repository.go:109.24,111.4 1 0
github.com/weeranieb/boonmafarm-backend/src/internal/repository/mocks/farm_repository.go:114.2,114.56 1 0
github.com/weeranieb/boonmafarm-backend/src/internal/repository/mocks/farm_repository.go:114.56,116.3 1 0
github.com/weeranieb/boonmafarm-backend/src/internal/repository/mocks/farm_repository.go:116.8,118.3 1 0
github.com/weeranieb/boonmafarm-backend/src/internal/repository/mocks/farm_repository.go:120.2,120.15 1 0
github.com/weeranieb/boonmafarm-backend/src/internal/repository/mocks/farm_repository.go:124.83,127.19 2 0
github.com/weeranieb/boonmafarm-backend/src/internal/repository/mocks/farm_repository.go:127.19,128.56 1 0
github.com/weeranieb/boonmafarm-backend/src/internal/repository/mocks/farm_repository.go:131.2,133.65 3 0
github.com/weeranieb/boonmafarm-backend/src/internal/repository/mocks/farm_repository.go:133.65,135.3 1 0
github.com/weeranieb/boonmafarm-backend/src/internal/repository/mocks/farm_repository.go:136.2,136.56 1 0
github.com/weeranieb/boonmafarm-backend/src/internal/repository/mocks/farm_repository.go:136.56,138.3 1 0
github.com/weeranieb/boonmafarm-backend/src/internal/repository/mocks/farm_repository.go:138.8,139.24 1 0
github.com/weeranieb/boonmafarm-backend/src/internal/repository/mocks/farm_repository.go:139.24,141.4 1 0
github.com/weeranieb/boonmafarm-backend/src/internal/repository/mocks/farm_repository.go:144.2,144.48 1 0
github.com/weeranieb/boonmafarm-backend/src/internal/repository/mocks/farm_repository.go:144.48,146.3 1 0
github.com/weeranieb/boonmafarm-backend/src/internal/repository/mocks/farm_repository.go:146.8,148.3 1 0
github.com/weeranieb/boonmafarm-backend/src/internal/repository/mocks/farm_repository.go:150.2,150.15 1 0
github.com/weeranieb/boonmafarm-backend/src/internal/repository/mocks/farm_repository.go:154.62,157.19 2 0
github.com/weeranieb/boonmafarm-backend/src/internal/repository/mocks/farm_repository.go:157.19,158.48 1 0
github.com/weeranieb/boonmafarm-backend/src/internal/repository/mocks/farm_repository.go:161.2,162.56 2 0
github.com/weeranieb/boonmafarm-backend/src/internal/repository/mocks/farm_repository.go:162.56,164.3 1 0
github.com/weeranieb/boonmafarm-backend/src/internal/repository/mocks/farm_repository.go:164.8,166.3 1 0
github.com/weeranieb/boonmafarm-backend/src/internal/repository/mocks/farm_repository.go:168.2,168.11 1 0
github.com/weeranieb/boonmafarm-backend/src/internal/repository/mocks/farm_repository.go:176.24,180.19 3 0
github.com/weeranieb/boonmafarm-backend/src/internal/repository/mocks/farm_repository.go:180.19,180.49 1 0
github.com/weeranieb/boonmafarm-backend/src/internal/repository/mocks/farm_repository.go:182.2,182.13 1 0
github.com/weeranieb/boonmafarm-backend/src/internal/repository/mocks/feed_collection_repository.go:16.92,19.19 2 0
github.com/weeranieb/boonmafarm-backend/src/internal/repository/mocks/feed_collection_repository.go:19.19,20.48 1 0
github.com/weeranieb/boonmafarm-backend/src/internal/repository/mocks/feed_collection_repository.go:23.2,24.66 2 0
github.com/weeranieb/boonmafarm-backend/src/internal/repository/mocks/feed_collection_repository.go:24.66,26.3 1 0
github.com/weeranieb/boonmafarm-backend/src/internal/repository/mocks/feed_collection_repository.go:26.8,28.3 1 0
github.com/weeranieb/boonmafarm-backend/src/internal/repository/mocks/feed_collection_repository.go:30.2,30.11 1 0
github.com/weeranieb/boonmafarm-backend/src/internal/repository/mocks/feed_collection_repository.go:34.120,37.19 2 0
github.com/weeranieb/boonmafarm-backend/src/internal/repository/mocks/feed_collection_repository.go:37.19,38.62 1 0
github.com/weeranieb/boonmafarm-backend/src/internal/repository/mocks/feed_collection_repository.go:41.2,43.81 3 0
github.com/weeranieb/boonmafarm-backend/src/internal/repository/mocks/feed_collection_repository.go:43.81,45.3 1 0
github.com/weeranieb/boonmafarm-backend/src/internal/repository/mocks/feed_collection_repository.go:46.2,46.72 1 0
github.com/weeranieb/boonmafarm-backend/src/internal/repository/mocks/feed_collection_repository.go:46.72,48.3 1 0
github.com/weeranieb/boonmafarm-backend/src/internal/repository/mocks/feed_collection_repository.go:48.8,49.24 1 0
github.com/weeranieb/boonmafarm-backend/src/internal/repository/mocks/feed_collection_repository.go:49.24,51.4 1 0
github.com/weeranieb/boonmafarm-backend/src/internal/repository/mocks/feed_collection_repository.go:54.2,54.56 1 0
github.com/weeranieb/boonmafarm-backend/src/internal/repository/mocks/feed_collection_repository.go:54.56,56.3 1 0
github.com/weeranieb/boonmafarm-backend/src/internal/repository/mocks/feed_collection_repository.go:56.8,58.3 1 0
github.com/weeranieb/boonmafarm-backend/src/internal/repository/mocks/feed_collection_repository.go:60.2,60.15 1 0
github.com/weeranieb/boonmafarm-backend/src/internal/repository/mocks/feed_collection_repository.go:64.88,67.19 2 0
github.com/weeranieb/boonmafarm-backend/src/internal/repository/mocks/feed_collection_repository.go:67.19,68.49 1 0
github.com/weeranieb/boonmafarm-backend/src/internal/repository/mocks/feed_collection_repository.go:71.2,73.73 3 0
github.com/weeranieb/boonmafarm-backend/src/internal/repository/mocks/feed_collection_repository.go:73.73,75.3 1 0
github.com/weeranieb/boonmafarm-backend/src/internal/repository/mocks/feed_collection_repository.go:76.2,76.64 1 0
github.com/weeranieb/boonmafarm-backend/src/internal/repository/mocks/feed_collection_repository.go:76.64,78.3 1 0
github.com/weeranieb/boonmafarm-backend/src/internal/repository/mocks/feed_collection_repository.go:78.8,79.24 1 0
github.com/weeranieb/boonmafarm-backend/src/internal/repository/mocks/feed_collection_repository.go:79.24,81.4 1 0
github.com/weeranieb/boonmafarm-backend/src/internal/repository/mocks/feed_collection_repository.go:84.2,84.48 1 0
github.com/weeranieb/boonmafarm-backend/src/internal/repository/mocks/feed_collection_repository.go:84.48,86.3 1 0
github.com/weeranieb/boonmafarm-backend/src/internal/repository/mocks/feed_collection_repository.go:86.8,88.3 1 0
github.com/weeranieb/boonmafarm-backend/src/internal/repository/mocks/feed_collection_repository.go:90.2,90.15 1 0
github.com/weeranieb/boonmafarm-backend/src/internal/repository/mocks/feed_collection_repository.go:94.163,97.19 2 0
github.com/weeranieb/boonmafarm-backend/src/internal/repository/mocks/feed_collection_repository.go:97.19,98.49 1 0
github.com/weeranieb/boonmafarm-backend/src/internal/repository/mocks/feed_collection_repository.go:101.2,104.112 4 0
github.com/weeranieb/boonmafarm-backend/src/internal/repository/mocks/feed_collection_repository.go:104.112,106.3 1 0
github.com/weeranieb/boonmafarm-backend/src/internal/repository/mocks/feed_collection_repository.go:107.2,107.96 1 0
github.com/weeranieb/boonmafarm-backend/src/internal/repository/mocks/feed_collection_repository.go:107.96,109.3 1 0
github.com/weeranieb/boonmafarm-backend/src/internal/repository/mocks/feed_collection_repository.go:109.8,110.24 1 0
github.com/weeranieb/boonmafarm-backend/src/internal/repository/mocks/feed_collection_repository.go:110.24,112.4 1 0
github.com/weeranieb/boonmafarm-backend/src/internal/repository/mocks/feed_collection_repository.go:115.2,115.74 1 0
github.com/weeranieb/boonmafarm-backend/src/internal/repository/mocks/feed_collection_repository.go:115.74,117.3 1 0
github.com/weeranieb/boonmafarm-backend/src/internal/repository/mocks/feed_collection_repository.go:117.8,119.3 1 0
github.com/weeranieb/boonmafarm-backend/src/internal/repository/mocks/feed_collection_repository.go:121.2,121.74 1 0
github.com/weeranieb/boonmafarm-backend/src/internal/repository/mocks/feed_collection_repository.go:121.74,123.3 1 0
github.com/weeranieb/boonmafarm-backend/src/internal/repository/mocks/feed_collection_repository.go:123.8,125.3 1 0
github.com/weeranieb/boonmafarm-backend/src/internal/repository/mocks/feed_collection_repository.go:127.2,127.19 1 0
github.com/weeranieb/boonmafarm-backend/src/internal/repository/mocks/feed_collection_repository.go:131.92,134.19 2 0
github.com/weeranieb/boonmafarm-backend/src/internal/repository/mocks/feed_collection_repository.go:134.19,135.48 1 0
github.com/weeranieb/boonmafarm-backend/src/internal/repository/mocks/feed_collection_repository.go:138.2,139.66 2 0
github.com/weeranieb/boonmafarm-backend/src/internal/repository/mocks/feed_collection_repository.go:139.66,141.3 1 0
github.com/weeranieb/boonmafarm-backend/src/internal/repository/mocks/feed_collection_repository.go:141.8,143.3 1 0
github.com/weeranieb/boonmafarm-backend/src/internal/repository/mocks/feed_collection_repository.go:145.2,145.11 1 0
github.com/weeranieb/boonmafarm-backend/src/internal/repository/mocks/feed_collection_repository.go:153.34,157.19 3 0
github.com/weeranieb/boonmafarm-backend/src/internal/repository/mocks/feed_collection_repository.go:157.19,157.49 1 0
github.com/weeranieb/boonmafarm-backend/src/internal/repository/mocks/feed_collection_repository.go:159.2,159.13 1 0
github.com/weeranieb/boonmafarm-backend/src/internal/repository/mocks/merchant_repository.go:16.74,19.19 2 0
github.com/weeranieb/boonmafarm-backend/src/internal/repository/mocks/merchant_repository.go:19.19,20.48 1 0
github.com/weeranieb/boonmafarm-backend/src/internal/repository/mocks/merchant_repository.go:23.2,24.60 2 0
github.com/weeranieb/boonmafarm-backend/src/internal/repository/mocks/merchant_repository.go:24.60,26.3 1 0
github.com/weeranieb/boonmafarm-backend/src/internal/repository/mocks/merchant_repository.go:26.8,28.3 1 0
github.com/weeranieb/boonmafarm-backend/src/internal/repository/mocks/merchant_repository.go:30.2,30.11 1 0
github.com/weeranieb/boonmafarm-backend/src/internal/repository/mocks/merchant_repository.go:34.121,37.19 2 0
github.com/weeranieb/boonmafarm-backend/src/internal/repository/mocks/merchant_repository.go:37.19,38.67 1 0
github.com/weeranieb/boonmafarm-backend/src/internal/repository/mocks/merchant_repository.go:41.2,43.78 3 0
github.com/weeranieb/boonmafarm-backend/src/internal/repository/mocks/merchant_repository.go:43.78,45.3 1 0
github.com/weeranieb/boonmafarm-backend/src/internal/repository/mocks/merchant_repository.go:46.2,46.69 1 0
github.com/weeranieb/boonmafarm-backend/src/internal/repository/mocks/merchant_repository.go:46.69,48.3 1 0
github.com/weeranieb/boonmafarm-backend/src/internal/repository/mocks/merchant_repository.go:48.8,49.24 1 0
github.com/weeranieb/boonmafarm-backend/src/internal/repository/mocks/merchant_repository.go:49.24,51.4 1 0
github.com/weeranieb/boonmafarm-backend/src/internal/repository/mocks/merchant_repository.go:54.2,54.59 1 0
github.com/weeranieb/boonmafarm-backend/src/internal/repository/mocks/merchant_repository.go:54.59,56.3 1 0
github.com/weeranieb/boonmafarm-backend/src/internal/repository/mocks/merchant_repository.go:56.8,58.3 1 0
github.com/weeranieb/boonmafarm-backend/src/internal/repository/mocks/merchant_repository.go:60.2,60.15 1 0
github.com/weeranieb/boonmafarm-backend/src/internal/repository/mocks/merchant_repository.go:64.76,67.19 2 0
github.com/weeranieb/boonmafarm-backend/src/internal/repository/mocks/merchant_repository.go:67.19,68.49 1 0
github.com/weeranieb/boonmafarm-backend/src/internal/repository/mocks/merchant_repository.go:71.2,73.67 3 0
github.com/weeranieb/boonmafarm-backend/src/internal/repository/mocks/merchant_repository.go:73.67,75.3 1 0
github.com/weeranieb/boonmafarm-backend/src/internal/repository/mocks/merchant_repository.go:76.2,76.58 1 0
github.com/weeranieb/boonmafarm-backend/src/internal/repository/mocks/merchant_repository.go:76.58,78.3 1 0
github.com/weeranieb/boonmafarm-backend/src/internal/repository/mocks/merchant_repository.go:78.8,79.24 1 0
github.com/weeranieb/boonmafarm-backend/src/internal/repository/mocks/merchant_repository.go:79.24,81.4 1 0
github.com/weeranieb/boonmafarm-backend/src/internal/repository/mocks/merchant_repository.go:84.2,84.48 1 0
github.com/weeranieb/boonmafarm-backend/src/internal/repository/mocks/merchant_repository.go:84.48,86.3 1 0
github.com/weeranieb/boonmafarm-backend/src/internal/repository/mocks/merchant_repository.go:86.8,88.3 1 0
github.com/weeranieb/boonmafarm-backend/src/internal/repository/mocks/merchant_repository.go:90.2,90.15 1 0
github.com/weeranieb/boonmafarm-backend/src/internal/repository/mocks/merchant_repository.go:94.69,97.19 2 0
github.com/weeranieb/boonmafarm-backend/src/internal/repository/mocks/merchant_repository.go:97.19,98.46 1 0
github.com/weeranieb/boonmafarm-backend/src/internal/repository/mocks/merchant_repository.go:101.2,103.66 3 0
github.com/weeranieb/boonmafarm-backend/src/internal/repository/mocks/merchant_repository.go:103.66,105.3 1 0
github.com/weeranieb/boonmafarm-backend/src/internal/repository/mocks/merchant_repository.go:106.2,106.57 1 0
github.com/weeranieb/boonmafarm-backend/src/internal/repository/mocks/merchant_repository.go:106.57,108.3 1 0
github.com/weeranieb/boonmafarm-backend/src/internal/repository/mocks/merchant_repository.go:108.8,109.24 1 0
github.com/weeranieb/boonmafarm-backend/src/internal/repository/mocks/merchant_repository.go:109.24,111.4 1 0
github.com/weeranieb/boonmafarm-backend/src/internal/repository/mocks/merchant_repository.go:114.2,114.45 1 0
github.com/weeranieb/boonmafarm-backend/src/internal/repository/mocks/merchant_repository.go:114.45,116.3 1 0
github.com/weeranieb/boonmafarm-backend/src/internal/repository/mocks/merchant_repository.go:116.8,118.3 1 0
github.com/weeranieb/boonmafarm-backend/src/internal/repository/mocks/merchant_repository.go:120.2,120.15 1 0
github.com/weeranieb/boonmafarm-backend/src/internal/repository/mocks/merchant_repository.go:124.74,127.19 2 0
github.com/weeranieb/boonmafarm-backend/src/internal/repository/mocks/merchant_repository.go:127.19,128.48 1 0
github.com/weeranieb/boonmafarm-backend/src/internal/repository/mocks/merchant_repository.go:131.2,132.60 2 0
github.com/weeranieb/boonmafarm-backend/src/internal/repository/mocks/merchant_repository.go:132.60,134.3 1 0
github.com/weeranieb/boonmafarm-backend/src/internal/repository/mocks/merchant_repository.go:134.8,136.3 1 0
github.com/weeranieb/boonmafarm-backend/src/internal/repository/mocks/merchant_repository.go:138.2,138.11 1 0
github.com/weeranieb/boonmafarm-backend/src/internal/repository/mocks/merchant_repository.go:146.28,150.19 3 0
github.com/weeranieb/boonmafarm-backend/src/internal/repository/mocks/merchant_repository.go:150.19,150.49 1 0
github.com/weeranieb/boonmafarm-backend/src/internal/repository/mocks/merchant_repository.go:152.2,152.13 1 0
github.com/weeranieb/boonmafarm-backend/src/internal/repository/mocks/pond_repository.go:16.62,19.19 2 0
github.com/weeranieb/boonmafarm-backend/src/internal/repository/mocks/pond_repository.go:19.19,20.48 1 0
github.com/weeranieb/boonmafarm-backend/src/internal/repository/mocks/pond_repository.go:23.2,24.56 2 0
github.com/weeranieb/boonmafarm-backend/src/internal/repository/mocks/pond_repository.go:24.56,26.3 1 0
github.com/weeranieb/boonmafarm-backend/src/internal/repository/mocks/pond_repository.go:26.8,28.3 1 0
github.com/weeranieb/boonmafarm-backend/src/internal/repository/mocks/pond_repository.go:30.2,30.11 1 0
github.com/weeranieb/boonmafarm-backend/src/internal/repository/mocks/pond_repository.go:34.70,37.19 2 0
github.com/weeranieb/boonmafarm-backend/src/internal/repository/mocks/pond_repository.go:37.19,38.53 1 0
github.com/weeranieb/boonmafarm-backend/src/internal/repository/mocks/pond_repository.go:41.2,42.58 2 0
github.com/weeranieb/boonmafarm-backend/src/internal/repository/mocks/pond_repository.go:42.58,44.3 1 0
github.com/weeranieb/boonmafarm-backend/src/internal/repository/mocks/pond_repository.go:44.8,46.3 1 0
github.com/weeranieb/boonmafarm-backend/src/internal/repository/mocks/pond_repository.go:48.2,48.11 1 0
github.com/weeranieb/boonmafarm-backend/src/internal/repository/mocks/pond_repository.go:52.52,55.19 2 0
github.com/weeranieb/boonmafarm-backend/src/internal/repository/mocks/pond_repository.go:55.19,56.48 1 0
github.com/weeranieb/boonmafarm-backend/src/internal/repository/mocks/pond_repository.go:59.2,60.48 2 0
github.com/weeranieb/boonmafarm-backend/src/internal/repository/mocks/pond_repository.go:60.48,62.3 1 0
github.com/weeranieb/boonmafarm-backend/src/internal/repository/mocks/pond_repository.go:62.8,64.3 1 0
github.com/weeranieb/boonmafarm-backend/src/internal/repository/mocks/pond_repository.go:66.2,66.11 1 0
github.com/weeranieb/boonmafarm-backend/src/internal/repository/mocks/pond_repository.go:70.96,73.19 2 0
github.com/weeranieb/boonmafarm-backend/src/internal/repository/mocks/pond_repository.go:73.19,74.60 1 0
github.com/weeranieb/boonmafarm-backend/src/internal/repository/mocks/pond_repository.go:77.2,79.71 3 0
github.com/weeranieb/boonmafarm-backend/src/internal/repository/mocks/pond_repository.go:79.71,81.3 1 0
github.com/weeranieb/boonmafarm-backend/src/internal/repository/mocks/pond_repository.go:82.2,82.62 1 0
github.com/weeranieb/boonmafarm-backend/src/internal/repository/mocks/pond_repository.go:82.62,84.3 1 0
github.com/weeranieb/boonmafarm-backend/src/internal/repository/mocks/pond_repository.go:84.8,85.24 1 0
github.com/weeranieb/boonmafarm-backend/src/internal/repository/mocks/pond_repository.go:85.24,87.4 1 0
github.com/weeranieb/boonmafarm-backend/src/internal/repository/mocks/pond_repository.go:90.2,90.56 1 0
github.com/weeranieb/boonmafarm-backend/src/internal/repository/mocks/pond_repository.go:90.56,92.3 1 0
github.com/weeranieb/boonmafarm-backend/src/internal/repository/mocks/pond_repository.go:92.8,94.3 1 0
github.com/weeranieb/boonmafarm-backend/src/internal/repository/mocks/pond_repository.go:96.2,96.15 1 0
github.com/weeranieb/boonmafarm-backend/src/internal/repository/mocks/pond_repository.go:100.68,103.19 2 0
github.com/weeranieb/boonmafarm-backend/src/internal/repository/mocks/pond_repository.go:103.19,104.49 1 0
github.com/weeranieb/boonmafarm-backend/src/internal/repository/mocks/pond_repository.go:107.2,109.63 3 0
github.com/weeranieb/boonmafarm-backend/src/internal/repository/mocks/pond_repository.go:109.63,111.3 1 0
github.com/weeranieb/boonmafarm-backend/src/internal/repository/mocks/pond_repository.go:112.2,112.54 1 0
github.com/weeranieb/boonmafarm-backend/src/internal/repository/mocks/pond_repository.go:112.54,114.3 1 0
github.com/weeranieb/boonmafarm-backend/src/internal/repository/mocks/pond_repository.go:114.8,115.24 1 0
github.com/weeranieb/boonmafarm-backend/src/internal/repository/mocks/pond_repository.go:115.24,117.4 1 0
github.com/weeranieb/boonmafarm-backend/src/internal/repository/mocks/pond_repository.go:120.2,120.48 1 0
github.com/weeranieb/boonmafarm-backend/src/internal/repository/mocks/pond_repository.go:120.48,122.3 1 0
github.com/weeranieb/boonmafarm-backend/src/internal/repository/mocks/pond_repository.go:122.8,124.3 1 0
github.com/weeranieb/boonmafarm-backend/src/internal/repository/mocks/pond_repository.go:126.2,126.15 1 0
github.com/weeranieb/boonmafarm-backend/src/internal/repository/mocks/pond_repository.go:130.79,133.19 2 0
github.com/weeranieb/boonmafarm-backend/src/internal/repository/mocks/pond_repository.go:133.19,134.54 1 0
github.com/weeranieb/boonmafarm-backend/src/internal/repository/mocks/pond_repository.go:137.2,139.65 3 0
github.com/weeranieb/boonmafarm-backend/src/internal/repository/mocks/pond_repository.go:139.65,141.3 1 0
github.com/weeranieb/boonmafarm-backend/src/internal/repository/mocks/pond_repository.go:142.2,142.56 1 0
github.com/weeranieb/boonmafarm-backend/src/internal/repository/mocks/pond_repository.go:142.56,144.3 1 0
github.com/weeranieb/boonmafarm-backend/src/internal/repository/mocks/pond_repository.go:144.8,145.24 1 0
github.com/weeranieb/boonmafarm-backend/src/internal/repository/mocks/pond_repository.go:145.24,147.4 1 0
github.com/weeranieb/boonmafarm-backend/src/internal/repository/mocks/pond_repository.go:150.2,150.48 1 0
github.com/weeranieb/boonmafarm-backend/src/internal/repository/mocks/pond_repository.go:150.48,152.3 1 0
github.com/weeranieb/boonmafarm-backend/src/internal/repository/mocks/pond_repository.go:152.8,154.3 1 0
github.com/weeranieb/boonmafarm-backend/src/internal/repository/mocks/pond_repository.go:156.2,156.15 1 0
github.com/weeranieb/boonmafarm-backend/src/internal/repository/mocks/pond_repository.go:160.62,163.19 2 0
github.com/weeranieb/boonmafarm-backend/src/internal/repository/mocks/pond_repository.go:163.19,164.48 1 0
[...]
github.com/weeranieb/boonmafarm-backend/src/internal/service/auth_service.go:65.16,67.3 1 0
github.com/weeranieb/boonmafarm-backend/src/internal/service/auth_service.go:69.2,69.39 1 0
github.com/weeranieb/boonmafarm-backend/src/internal/service/auth_service.go:72.102,75.16 2 0
github.com/weeranieb/boonmafarm-backend/src/internal/service/auth_service.go:75.16,77.3 1 0
github.com/weeranieb/boonmafarm-backend/src/internal/service/auth_service.go:79.2,79.22 1 0
github.com/weeranieb/boonmafarm-backend/src/internal/service/auth_service.go:79.22,81.3 1 0
github.com/weeranieb/boonmafarm-backend/src/internal/service/auth_service.go:84.2,85.16 2 0
github.com/weeranieb/boonmafarm-backend/src/internal/service/auth_service.go:85.16,87.3 1 0
github.com/weeranieb/boonmafarm-backend/src/internal/service/auth_service.go:90.2,106.16 11 0
github.com/weeranieb/boonmafarm-backend/src/internal/service/auth_service.go:106.16,108.3 1 0
github.com/weeranieb/boonmafarm-backend/src/internal/service/auth_service.go:110.2,110.68 1 0
github.com/weeranieb/boonmafarm-backend/src/internal/service/auth_service.go:113.74,127.2 1 0
github.com/weeranieb/boonmafarm-backend/src/internal/service/farm_service.go:23.69,27.2 1 1
github.com/weeranieb/boonmafarm-backend/src/internal/service/farm_service.go:29.119,32.16 2 1
github.com/weeranieb/boonmafarm-backend/src/internal/service/farm_service.go:32.16,34.3 1 0
github.com/weeranieb/boonmafarm-backend/src/internal/service/farm_service.go:36.2,36.22 1 1
github.com/weeranieb/boonmafarm-backend/src/internal/service/farm_service.go:36.22,38.3 1 1
github.com/weeranieb/boonmafarm-backend/src/internal/service/farm_service.go:40.2,52.16 3 1
github.com/weeranieb/boonmafarm-backend/src/internal/service/farm_service.go:52.16,54.3 1 0
github.com/weeranieb/boonmafarm-backend/src/internal/service/farm_service.go:56.2,56.39 1 1
github.com/weeranieb/boonmafarm-backend/src/internal/service/farm_service.go:59.72,61.16 2 1
github.com/weeranieb/boonmafarm-backend/src/internal/service/farm_service.go:61.16,63.3 1 0
github.com/weeranieb/boonmafarm-backend/src/internal/service/farm_service.go:65.2,65.17 1 1
github.com/weeranieb/boonmafarm-backend/src/internal/service/farm_service.go:65.17,67.3 1 1
github.com/weeranieb/boonmafarm-backend/src/internal/service/farm_service.go:70.2,70.31 1 1
github.com/weeranieb/boonmafarm-backend/src/internal/service/farm_service.go:70.31,72.3 1 0
github.com/weeranieb/boonmafarm-backend/src/internal/service/farm_service.go:74.2,74.36 1 1
github.com/weeranieb/boonmafarm-backend/src/internal/service/farm_service.go:77.74,80.51 2 1
github.com/weeranieb/boonmafarm-backend/src/internal/service/farm_service.go:80.51,82.3 1 0
github.com/weeranieb/boonmafarm-backend/src/internal/service/farm_service.go:83.2,83.12 1 1
github.com/weeranieb/boonmafarm-backend/src/internal/service/farm_service.go:86.74,88.16 2 1
github.com/weeranieb/boonmafarm-backend/src/internal/service/farm_service.go:88.16,90.3 1 0
github.com/weeranieb/boonmafarm-backend/src/internal/service/farm_service.go:92.2,93.29 2 1
github.com/weeranieb/boonmafarm-backend/src/internal/service/farm_service.go:93.29,95.3 1 1
github.com/weeranieb/boonmafarm-backend/src/internal/service/farm_service.go:97.2,97.23 1 1
github.com/weeranieb/boonmafarm-backend/src/internal/service/farm_service.go:100.83,102.16 2 0
github.com/weeranieb/boonmafarm-backend/src/internal/service/farm_service.go:102.16,104.3 1 0
github.com/weeranieb/boonmafarm-backend/src/internal/service/farm_service.go:106.2,106.17 1 0
github.com/weeranieb/boonmafarm-backend/src/internal/service/farm_service.go:106.17,108.3 1 0
github.com/weeranieb/boonmafarm-backend/src/internal/service/farm_service.go:110.2,110.21 1 0
github.com/weeranieb/boonmafarm-backend/src/internal/service/farm_service.go:113.74,124.2 1 1
github.com/weeranieb/boonmafarm-backend/src/internal/service/feed_collection_service.go:30.25,36.2 1 1
github.com/weeranieb/boonmafarm-backend/src/internal/service/feed_collection_service.go:38.155,41.16 2 0
github.com/weeranieb/boonmafarm-backend/src/internal/service/feed_collection_service.go:41.16,43.3 1 0
github.com/weeranieb/boonmafarm-backend/src/internal/service/feed_collection_service.go:45.2,45.32 1 0
github.com/weeranieb/boonmafarm-backend/src/internal/service/feed_collection_service.go:45.32,47.3 1 0
github.com/weeranieb/boonmafarm-backend/src/internal/service/feed_collection_service.go:50.2,51.15 2 0
github.com/weeranieb/boonmafarm-backend/src/internal/service/feed_collection_service.go:51.15,52.31 1 0
github.com/weeranieb/boonmafarm-backend/src/internal/service/feed_collection_service.go:52.31,54.4 1 0
github.com/weeranieb/boonmafarm-backend/src/internal/service/feed_collection_service.go:58.2,69.59 2 0
github.com/weeranieb/boonmafarm-backend/src/internal/service/feed_collection_service.go:69.59,72.3 2 0
github.com/weeranieb/boonmafarm-backend/src/internal/service/feed_collection_service.go:75.2,76.41 2 0
github.com/weeranieb/boonmafarm-backend/src/internal/service/feed_collection_service.go:76.41,78.62 2 0
github.com/weeranieb/boonmafarm-backend/src/internal/service/feed_collection_service.go:78.62,89.4 2 0
github.com/weeranieb/boonmafarm-backend/src/internal/service/feed_collection_service.go:91.3,91.57 1 0
github.com/weeranieb/boonmafarm-backend/src/internal/service/feed_collection_service.go:91.57,94.4 2 0
github.com/weeranieb/boonmafarm-backend/src/internal/service/feed_collection_service.go:97.3,97.37 1 0
github.com/weeranieb/boonmafarm-backend/src/internal/service/feed_collection_service.go:97.37,104.4 1 0
github.com/weeranieb/boonmafarm-backend/src/internal/service/feed_collection_service.go:108.2,108.42 1 0
github.com/weeranieb/boonmafarm-backend/src/internal/service/feed_collection_service.go:108.42,110.3 1 0
github.com/weeranieb/boonmafarm-backend/src/internal/service/feed_collection_service.go:112.2,115.8 1 0
github.com/weeranieb/boonmafarm-backend/src/internal/service/feed_collection_service.go:118.82,120.16 2 1
github.com/weeranieb/boonmafarm-backend/src/internal/service/feed_collection_service.go:120.16,122.3 1 0
github.com/weeranieb/boonmafarm-backend/src/internal/service/feed_collection_service.go:124.2,124.27 1 1
github.com/weeranieb/boonmafarm-backend/src/internal/service/feed_collection_service.go:124.27,126.3 1 0
github.com/weeranieb/boonmafarm-backend/src/internal/service/feed_collection_service.go:128.2,128.56 1 1
github.com/weeranieb/boonmafarm-backend/src/internal/service/feed_collection_service.go:131.94,134.61 2 0
github.com/weeranieb/boonmafarm-backend/src/internal/service/feed_collection_service.go:134.61,136.3 1 0
github.com/weeranieb/boonmafarm-backend/src/internal/service/feed_collection_service.go:137.2,137.12 1 0
github.com/weeranieb/boonmafarm-backend/src/internal/service/feed_collection_service.go:140.123,142.16 2 1
github.com/weeranieb/boonmafarm-backend/src/internal/service/feed_collection_service.go:142.16,144.3 1 0
github.com/weeranieb/boonmafarm-backend/src/internal/service/feed_collection_service.go:146.2,147.37 2 1
github.com/weeranieb/boonmafarm-backend/src/internal/service/feed_collection_service.go:147.37,151.25 2 1
github.com/weeranieb/boonmafarm-backend/src/internal/service/feed_collection_service.go:151.25,153.4 1 0
github.com/weeranieb/boonmafarm-backend/src/internal/service/feed_collection_service.go:154.3,154.39 1 1
github.com/weeranieb/boonmafarm-backend/src/internal/service/feed_collection_service.go:154.39,156.4 1 0
github.com/weeranieb/boonmafarm-backend/src/internal/service/feed_collection_service.go:157.3,157.42 1 1
github.com/weeranieb/boonmafarm-backend/src/internal/service/feed_collection_service.go:160.2,163.8 1 1
github.com/weeranieb/boonmafarm-backend/src/internal/service/feed_collection_service.go:166.124,178.2 1 1
github.com/weeranieb/boonmafarm-backend/src/internal/service/feed_price_history_service.go:22.117,26.2 1 1
github.com/weeranieb/boonmafarm-backend/src/internal/service/feed_price_history_service.go:28.141,31.16 2 1
github.com/weeranieb/boonmafarm-backend/src/internal/service/feed_price_history_service.go:31.16,33.3 1 0
github.com/weeranieb/boonmafarm-backend/src/internal/service/feed_price_history_service.go:35.2,35.34 1 1
github.com/weeranieb/boonmafarm-backend/src/internal/service/feed_price_history_service.go:35.34,37.3 1 0
github.com/weeranieb/boonmafarm-backend/src/internal/service/feed_price_history_service.go:39.2,50.16 3 1
github.com/weeranieb/boonmafarm-backend/src/internal/service/feed_price_history_service.go:50.16,52.3 1 0
github.com/weeranieb/boonmafarm-backend/src/internal/service/feed_price_history_service.go:54.2,54.63 1 1
github.com/weeranieb/boonmafarm-backend/src/internal/service/feed_price_history_service.go:57.86,59.16 2 1
github.com/weeranieb/boonmafarm-backend/src/internal/service/feed_price_history_service.go:59.16,61.3 1 0
github.com/weeranieb/boonmafarm-backend/src/internal/service/feed_price_history_service.go:63.2,63.29 1 1
github.com/weeranieb/boonmafarm-backend/src/internal/service/feed_price_history_service.go:63.29,65.3 1 0
github.com/weeranieb/boonmafarm-backend/src/internal/service/feed_price_history_service.go:67.2,67.60 1 1
github.com/weeranieb/boonmafarm-backend/src/internal/service/feed_price_history_service.go:70.98,72.63 2 0
github.com/weeranieb/boonmafarm-backend/src/internal/service/feed_price_history_service.go:72.63,74.3 1 0
github.com/weeranieb/boonmafarm-backend/src/internal/service/feed_price_history_service.go:75.2,75.12 1 0
github.com/weeranieb/boonmafarm-backend/src/internal/service/feed_price_history_service.go:78.105,80.16 2 1
github.com/weeranieb/boonmafarm-backend/src/internal/service/feed_price_history_service.go:80.16,82.3 1 0
github.com/weeranieb/boonmafarm-backend/src/internal/service/feed_price_history_service.go:84.2,85.41 2 1
github.com/weeranieb/boonmafarm-backend/src/internal/service/feed_price_history_service.go:85.41,87.3 1 1
github.com/weeranieb/boonmafarm-backend/src/internal/service/feed_price_history_service.go:89.2,89.23 1 1
github.com/weeranieb/boonmafarm-backend/src/internal/service/feed_price_history_service.go:92.121,103.2 1 1
github.com/weeranieb/boonmafarm-backend/src/internal/service/merchant_service.go:22.85,26.2 1 1
github.com/weeranieb/boonmafarm-backend/src/internal/service/merchant_service.go:28.117,31.16 2 1
github.com/weeranieb/boonmafarm-backend/src/internal/service/merchant_service.go:31.16,33.3 1 0
github.com/weeranieb/boonmafarm-backend/src/internal/service/merchant_service.go:35.2,35.26 1 1
github.com/weeranieb/boonmafarm-backend/src/internal/service/merchant_service.go:35.26,37.3 1 0
github.com/weeranieb/boonmafarm-backend/src/internal/service/merchant_service.go:39.2,51.16 3 1
github.com/weeranieb/boonmafarm-backend/src/internal/service/merchant_service.go:51.16,53.3 1 0
github.com/weeranieb/boonmafarm-backend/src/internal/service/merchant_service.go:55.2,55.47 1 1
github.com/weeranieb/boonmafarm-backend/src/internal/service/merchant_service.go:58.70,60.16 2 1
github.com/weeranieb/boonmafarm-backend/src/internal/service/merchant_service.go:60.16,62.3 1 0
github.com/weeranieb/boonmafarm-backend/src/internal/service/merchant_service.go:64.2,64.21 1 1
github.com/weeranieb/boonmafarm-backend/src/internal/service/merchant_service.go:64.21,66.3 1 0
github.com/weeranieb/boonmafarm-backend/src/internal/service/merchant_service.go:68.2,68.44 1 1
github.com/weeranieb/boonmafarm-backend/src/internal/service/merchant_service.go:71.82,74.55 2 0
github.com/weeranieb/boonmafarm-backend/src/internal/service/merchant_service.go:74.55,76.3 1 0
github.com/weeranieb/boonmafarm-backend/src/internal/service/merchant_service.go:77.2,77.12 1 0
github.com/weeranieb/boonmafarm-backend/src/internal/service/merchant_service.go:80.70,82.16 2 1
github.com/weeranieb/boonmafarm-backend/src/internal/service/merchant_service.go:82.16,84.3 1 0
github.com/weeranieb/boonmafarm-backend/src/internal/service/merchant_service.go:86.2,87.37 2 1
github.com/weeranieb/boonmafarm-backend/src/internal/service/merchant_service.go:87.37,89.3 1 1
github.com/weeranieb/boonmafarm-backend/src/internal/service/merchant_service.go:91.2,91.23 1 1
github.com/weeranieb/boonmafarm-backend/src/internal/service/merchant_service.go:94.94,105.2 1 1
github.com/weeranieb/boonmafarm-backend/src/internal/service/pond_service.go:24.69,28.2 1 1
github.com/weeranieb/boonmafarm-backend/src/internal/service/pond_service.go:30.105,33.16 2 1
github.com/weeranieb/boonmafarm-backend/src/internal/service/pond_service.go:33.16,35.3 1 0
github.com/weeranieb/boonmafarm-backend/src/internal/service/pond_service.go:37.2,37.22 1 1
github.com/weeranieb/boonmafarm-backend/src/internal/service/pond_service.go:37.22,39.3 1 0
github.com/weeranieb/boonmafarm-backend/src/internal/service/pond_service.go:41.2,53.16 3 1
github.com/weeranieb/boonmafarm-backend/src/internal/service/pond_service.go:53.16,55.3 1 0
github.com/weeranieb/boonmafarm-backend/src/internal/service/pond_service.go:57.2,57.39 1 1
github.com/weeranieb/boonmafarm-backend/src/internal/service/pond_service.go:60.115,62.31 1 1
github.com/weeranieb/boonmafarm-backend/src/internal/service/pond_service.go:62.31,65.17 2 1
github.com/weeranieb/boonmafarm-backend/src/internal/service/pond_service.go:65.17,67.4 1 0
github.com/weeranieb/boonmafarm-backend/src/internal/service/pond_service.go:69.3,69.23 1 1
github.com/weeranieb/boonmafarm-backend/src/internal/service/pond_service.go:69.23,71.4 1 0
github.com/weeranieb/boonmafarm-backend/src/internal/service/pond_service.go:75.2,76.31 2 1
github.com/weeranieb/boonmafarm-backend/src/internal/service/pond_service.go:76.31,87.3 2 1
github.com/weeranieb/boonmafarm-backend/src/internal/service/pond_service.go:90.2,91.16 2 1
github.com/weeranieb/boonmafarm-backend/src/internal/service/pond_service.go:91.16,93.3 1 0
github.com/weeranieb/boonmafarm-backend/src/internal/service/pond_service.go:96.2,97.32 2 1
github.com/weeranieb/boonmafarm-backend/src/internal/service/pond_service.go:97.32,99.3 1 1
github.com/weeranieb/boonmafarm-backend/src/internal/service/pond_service.go:101.2,101.23 1 1
github.com/weeranieb/boonmafarm-backend/src/internal/service/pond_service.go:104.62,106.16 2 1
github.com/weeranieb/boonmafarm-backend/src/internal/service/pond_service.go:106.16,108.3 1 0
github.com/weeranieb/boonmafarm-backend/src/internal/service/pond_service.go:110.2,110.17 1 1
github.com/weeranieb/boonmafarm-backend/src/internal/service/pond_service.go:110.17,112.3 1 0
github.com/weeranieb/boonmafarm-backend/src/internal/service/pond_service.go:114.2,114.36 1 1
github.com/weeranieb/boonmafarm-backend/src/internal/service/pond_service.go:117.74,120.51 2 0
github.com/weeranieb/boonmafarm-backend/src/internal/service/pond_service.go:120.51,122.3 1 0
github.com/weeranieb/boonmafarm-backend/src/internal/service/pond_service.go:123.2,123.12 1 0
github.com/weeranieb/boonmafarm-backend/src/internal/service/pond_service.go:126.72,128.16 2 1
github.com/weeranieb/boonmafarm-backend/src/internal/service/pond_service.go:128.16,130.3 1 0
github.com/weeranieb/boonmafarm-backend/src/internal/service/pond_service.go:132.2,133.29 2 1
github.com/weeranieb/boonmafarm-backend/src/internal/service/pond_service.go:133.29,135.3 1 1
github.com/weeranieb/boonmafarm-backend/src/internal/service/pond_service.go:137.2,137.23 1 1
github.com/weeranieb/boonmafarm-backend/src/internal/service/pond_service.go:140.61,142.46 1 0
github.com/weeranieb/boonmafarm-backend/src/internal/service/pond_service.go:142.46,144.3 1 0
github.com/weeranieb/boonmafarm-backend/src/internal/service/pond_service.go:145.2,145.12 1 0
github.com/weeranieb/boonmafarm-backend/src/internal/service/pond_service.go:148.74,159.2 1 1
github.com/weeranieb/boonmafarm-backend/src/internal/service/user_service.go:24.69,26.2 1 1
github.com/weeranieb/boonmafarm-backend/src/internal/service/user_service.go:28.123,31.16 2 1
github.com/weeranieb/boonmafarm-backend/src/internal/service/user_service.go:31.16,33.3 1 1
github.com/weeranieb/boonmafarm-backend/src/internal/service/user_service.go:35.2,35.22 1 1
github.com/weeranieb/boonmafarm-backend/src/internal/service/user_service.go:35.22,37.3 1 1
github.com/weeranieb/boonmafarm-backend/src/internal/service/user_service.go:40.2,41.16 2 1
github.com/weeranieb/boonmafarm-backend/src/internal/service/user_service.go:41.16,43.3 1 0
github.com/weeranieb/boonmafarm-backend/src/internal/service/user_service.go:45.2,61.16 3 1
github.com/weeranieb/boonmafarm-backend/src/internal/service/user_service.go:61.16,63.3 1 0
github.com/weeranieb/boonmafarm-backend/src/internal/service/user_service.go:65.2,65.39 1 1
github.com/weeranieb/boonmafarm-backend/src/internal/service/user_service.go:68.66,70.16 2 1
github.com/weeranieb/boonmafarm-backend/src/internal/service/user_service.go:70.16,72.3 1 1
github.com/weeranieb/boonmafarm-backend/src/internal/service/user_service.go:73.2,73.17 1 1
github.com/weeranieb/boonmafarm-backend/src/internal/service/user_service.go:73.17,75.3 1 0
github.com/weeranieb/boonmafarm-backend/src/internal/service/user_service.go:76.2,76.36 1 1
github.com/weeranieb/boonmafarm-backend/src/internal/service/user_service.go:79.78,82.51 2 1
github.com/weeranieb/boonmafarm-backend/src/internal/service/user_service.go:82.51,84.3 1 1
github.com/weeranieb/boonmafarm-backend/src/internal/service/user_service.go:85.2,85.12 1 1
github.com/weeranieb/boonmafarm-backend/src/internal/service/user_service.go:88.78,90.16 2 1
github.com/weeranieb/boonmafarm-backend/src/internal/service/user_service.go:90.16,92.3 1 1
github.com/weeranieb/boonmafarm-backend/src/internal/service/user_service.go:94.2,95.29 2 1
github.com/weeranieb/boonmafarm-backend/src/internal/service/user_service.go:95.29,97.3 1 1
github.com/weeranieb/boonmafarm-backend/src/internal/service/user_service.go:99.2,99.23 1 1
github.com/weeranieb/boonmafarm-backend/src/internal/service/user_service.go:102.74,116.2 1 1
github.com/weeranieb/boonmafarm-backend/src/internal/service/worker_service.go:22.77,26.2 1 1
github.com/weeranieb/boonmafarm-backend/src/internal/service/worker_service.go:28.125,31.16 2 1
github.com/weeranieb/boonmafarm-backend/src/internal/service/worker_service.go:31.16,33.3 1 0
github.com/weeranieb/boonmafarm-backend/src/internal/service/worker_service.go:35.2,35.24 1 1
github.com/weeranieb/boonmafarm-backend/src/internal/service/worker_service.go:35.24,37.3 1 0
github.com/weeranieb/boonmafarm-backend/src/internal/service/worker_service.go:39.2,57.16 3 1
github.com/weeranieb/boonmafarm-backend/src/internal/service/worker_service.go:57.16,59.3 1 0
github.com/weeranieb/boonmafarm-backend/src/internal/service/worker_service.go:61.2,61.43 1 1
github.com/weeranieb/boonmafarm-backend/src/internal/service/worker_service.go:64.66,66.16 2 0
github.com/weeranieb/boonmafarm-backend/src/internal/service/worker_service.go:66.16,68.3 1 0
github.com/weeranieb/boonmafarm-backend/src/internal/service/worker_service.go:70.2,70.19 1 0
github.com/weeranieb/boonmafarm-backend/src/internal/service/worker_service.go:70.19,72.3 1 0
github.com/weeranieb/boonmafarm-backend/src/internal/service/worker_service.go:74.2,74.40 1 0
github.com/weeranieb/boonmafarm-backend/src/internal/service/worker_service.go:77.78,80.53 2 0
github.com/weeranieb/boonmafarm-backend/src/internal/service/worker_service.go:80.53,82.3 1 0
github.com/weeranieb/boonmafarm-backend/src/internal/service/worker_service.go:83.2,83.12 1 0
github.com/weeranieb/boonmafarm-backend/src/internal/service/worker_service.go:86.115,88.16 2 1
github.com/weeranieb/boonmafarm-backend/src/internal/service/worker_service.go:88.16,90.3 1 0
github.com/weeranieb/boonmafarm-backend/src/internal/service/worker_service.go:92.2,93.33 2 1
github.com/weeranieb/boonmafarm-backend/src/internal/service/worker_service.go:93.33,95.3 1 1
github.com/weeranieb/boonmafarm-backend/src/internal/service/worker_service.go:97.2,100.8 1 1
github.com/weeranieb/boonmafarm-backend/src/internal/service/worker_service.go:103.84,120.2 1 1
